<html>
<head>
<title>TestNG:  TestCase 011</title>
<link href="../testng.css" rel="stylesheet" type="text/css" />
<link href="../my-testng.css" rel="stylesheet" type="text/css" />

<style type="text/css">
.log { display: none;} 
.stack-trace { display: none;} 
</style>
<script type="text/javascript">
<!--
function flip(e) {
  current = e.style.display;
  if (current == 'block') {
    e.style.display = 'none';
    return 0;
  }
  else {
    e.style.display = 'block';
    return 1;
  }
}

function toggleBox(szDivId, elem, msg1, msg2)
{
  var res = -1;  if (document.getElementById) {
    res = flip(document.getElementById(szDivId));
  }
  else if (document.all) {
    // this is the way old msie versions work
    res = flip(document.all[szDivId]);
  }
  if(elem) {
    if(res == 0) elem.innerHTML = msg1; else elem.innerHTML = msg2;
  }

}

function toggleAllBoxes() {
  if (document.getElementsByTagName) {
    d = document.getElementsByTagName('div');
    for (i = 0; i < d.length; i++) {
      if (d[i].className == 'log') {
        flip(d[i]);
      }
    }
  }
}

// -->
</script>

</head>
<body>
<h2 align='center'>TestCase 011</h2><table border='1' align="center">
<tr>
<td>Tests passed/Failed/Skipped:</td><td>2/0/6</td>
</tr><tr>
<td>Started on:</td><td>Thu Aug 17 12:26:21 IST 2017</td>
</tr>
<tr><td>Total time:</td><td>222 seconds (222774 ms)</td>
</tr><tr>
<td>Included groups:</td><td></td>
</tr><tr>
<td>Excluded groups:</td><td></td>
</tr>
</table><p/>
<small><i>(Hover the method name to see the test class name)</i></small><p/>
<table width='100%' border='1' class='invocation-passed'>
<tr><td colspan='4' align='center'><b>PASSED TESTS</b></td></tr>
<tr><td><b>Test method</b></td>
<td width="30%"><b>Exception</b></td>
<td width="10%"><b>Time (seconds)</b></td>
<td><b>Instance</b></td>
</tr>
<tr>
<td title='com.XIPL.SuiteOne.TC011.SuiteOneCaseTwoTest()'><b>SuiteOneCaseTwoTest</b><br>Test class: com.XIPL.SuiteOne.TC011<br>Parameters: deepak.sharma1@xceedance.com, Deepaksh28, Arizona, Audiology, Speech and Hearing, Audiologist, Hillsborough, Analyst, Student, Claims Made, 2/15/2017, May, 2018, Yes, 4, No, 2, No, Deepak, Sharma, Doctor, Signature Towers, Gurgaon, AZ, 85258, 8763542765, One Time Payment, 4111111111111111, 123, 11 - November, 2020, Derryn, Zwart, Bevis Marks, Boston, MA, 23110, 47-QAA-002556-01, C:\Workspace\Project1\screenshots\Success\TC011\TC011-DataSet-1-08-08-2017 5-29-13.png, </td>
<td></td>
<td>101</td>
<td>com.XIPL.SuiteOne.TC011@72d818d1</td></tr>
<tr>
<td title='com.XIPL.SuiteOne.TC011.SuiteOneCaseTwoTest()'><b>SuiteOneCaseTwoTest</b><br>Test class: com.XIPL.SuiteOne.TC011<br>Parameters: deepak.sharma1@xceedance.com, Deepaksh28, California, Physician Assistant, Anesthesia Administration (All Types), Hillsborough, Analyst, Employed, Occurrence, 2/15/2017, May, 2018, Yes, 1, Yes, 2, Yes, Aakash, Nandrajog, Nurse, Sector 16, ccccc, FL, 72114, 8763542765, Installment, 4111111111111111, 123, 11 - November, 2020, Derryn, Zwart, Bevis Marks, Boston, MA, 23110, 47-QAA-001746-01, C:\Workspace\Project1\screenshots\Failures\TC011\TC011-dataset-2-08-08-2017 5-30-22.png, </td>
<td></td>
<td>121</td>
<td>com.XIPL.SuiteOne.TC011@72d818d1</td></tr>
</table><p>
<table width='100%' border='1' class='invocation-skipped'>
<tr><td colspan='4' align='center'><b>SKIPPED TESTS</b></td></tr>
<tr><td><b>Test method</b></td>
<td width="30%"><b>Exception</b></td>
<td width="10%"><b>Time (seconds)</b></td>
<td><b>Instance</b></td>
</tr>
<tr>
<td title='com.XIPL.SuiteOne.TC011.SuiteOneCaseTwoTest()'><b>SuiteOneCaseTwoTest</b><br>Test class: com.XIPL.SuiteOne.TC011<br>Parameters: deepak.sharma1@xceedance.com, Deepaksh28, Arizona, Nurse Practitioner, Emergency Room, Hillsborough, Analyst, Employed, Claims Made, 2/15/2017, May, 2018, Yes, 4, No, 2, No, Tripti , Anand, Doctor, Augusta Point, dddd, DC, 47877, 8763542765, One Time Payment, 4111111111111111, 123, 11 - November, 2020, Derryn, Zwart, Bevis Marks, Boston, MA, 23110, , , </td>
<td><div><pre>org.testng.SkipException: DataToRun for row number 2 Is No Or Blank. So Skipping Its Execution.
	at com.XIPL.SuiteOne.TC011.SuiteOneCaseTwoTest(TC011.java:123)
... Removed 24 stack frames</pre></div><a href='#' onClick='toggleBox("stack-trace803893384", this, "Click to show all stack frames", "Click to hide stack frames")'>Click to show all stack frames</a>
<div class='stack-trace' id='stack-trace803893384'><pre>org.testng.SkipException: DataToRun for row number 2 Is No Or Blank. So Skipping Its Execution.
	at com.XIPL.SuiteOne.TC011.SuiteOneCaseTwoTest(TC011.java:123)
	at sun.reflect.NativeMethodAccessorImpl.invoke0(Native Method)
	at sun.reflect.NativeMethodAccessorImpl.invoke(Unknown Source)
	at sun.reflect.DelegatingMethodAccessorImpl.invoke(Unknown Source)
	at java.lang.reflect.Method.invoke(Unknown Source)
	at org.testng.internal.MethodInvocationHelper.invokeMethod(MethodInvocationHelper.java:85)
	at org.testng.internal.Invoker.invokeMethod(Invoker.java:639)
	at org.testng.internal.Invoker.invokeTestMethod(Invoker.java:816)
	at org.testng.internal.Invoker.invokeTestMethods(Invoker.java:1124)
	at org.testng.internal.TestMethodWorker.invokeTestMethods(TestMethodWorker.java:125)
	at org.testng.internal.TestMethodWorker.run(TestMethodWorker.java:108)
	at org.testng.TestRunner.privateRun(TestRunner.java:774)
	at org.testng.TestRunner.run(TestRunner.java:624)
	at org.testng.SuiteRunner.runTest(SuiteRunner.java:359)
	at org.testng.SuiteRunner.runSequentially(SuiteRunner.java:354)
	at org.testng.SuiteRunner.privateRun(SuiteRunner.java:312)
	at org.testng.SuiteRunner.run(SuiteRunner.java:261)
	at org.testng.SuiteRunnerWorker.runSuite(SuiteRunnerWorker.java:52)
	at org.testng.SuiteRunnerWorker.run(SuiteRunnerWorker.java:86)
	at org.testng.TestNG.runSuitesSequentially(TestNG.java:1215)
	at org.testng.TestNG.runSuitesLocally(TestNG.java:1140)
	at org.testng.TestNG.run(TestNG.java:1048)
	at org.testng.remote.AbstractRemoteTestNG.run(AbstractRemoteTestNG.java:132)
	at org.testng.remote.RemoteTestNG.initAndRun(RemoteTestNG.java:230)
	at org.testng.remote.RemoteTestNG.main(RemoteTestNG.java:76)
</pre></div></td>
<td>0</td>
<td>com.XIPL.SuiteOne.TC011@72d818d1</td></tr>
<tr>
<td title='com.XIPL.SuiteOne.TC011.SuiteOneCaseTwoTest()'><b>SuiteOneCaseTwoTest</b><br>Test class: com.XIPL.SuiteOne.TC011<br>Parameters: deepak.sharma1@xceedance.com, Deepaksh28, California, Psychology and Mental Health, Psychologist, Hillsborough, Analyst, Student, Occurrence, 2/15/2017, May, 2018, Yes, 1, Yes, 2, Yes, Sunanchi, Goel, Nurse, aaaa, ddf, OK, 21868, 8763542765, Installment, 4111111111111111, 123, 11 - November, 2020, Derryn, Zwart, Bevis Marks, Boston, MA, 23110, , , </td>
<td><div><pre>org.testng.SkipException: DataToRun for row number 3 Is No Or Blank. So Skipping Its Execution.
	at com.XIPL.SuiteOne.TC011.SuiteOneCaseTwoTest(TC011.java:123)
... Removed 24 stack frames</pre></div><a href='#' onClick='toggleBox("stack-trace1372422140", this, "Click to show all stack frames", "Click to hide stack frames")'>Click to show all stack frames</a>
<div class='stack-trace' id='stack-trace1372422140'><pre>org.testng.SkipException: DataToRun for row number 3 Is No Or Blank. So Skipping Its Execution.
	at com.XIPL.SuiteOne.TC011.SuiteOneCaseTwoTest(TC011.java:123)
	at sun.reflect.NativeMethodAccessorImpl.invoke0(Native Method)
	at sun.reflect.NativeMethodAccessorImpl.invoke(Unknown Source)
	at sun.reflect.DelegatingMethodAccessorImpl.invoke(Unknown Source)
	at java.lang.reflect.Method.invoke(Unknown Source)
	at org.testng.internal.MethodInvocationHelper.invokeMethod(MethodInvocationHelper.java:85)
	at org.testng.internal.Invoker.invokeMethod(Invoker.java:639)
	at org.testng.internal.Invoker.invokeTestMethod(Invoker.java:816)
	at org.testng.internal.Invoker.invokeTestMethods(Invoker.java:1124)
	at org.testng.internal.TestMethodWorker.invokeTestMethods(TestMethodWorker.java:125)
	at org.testng.internal.TestMethodWorker.run(TestMethodWorker.java:108)
	at org.testng.TestRunner.privateRun(TestRunner.java:774)
	at org.testng.TestRunner.run(TestRunner.java:624)
	at org.testng.SuiteRunner.runTest(SuiteRunner.java:359)
	at org.testng.SuiteRunner.runSequentially(SuiteRunner.java:354)
	at org.testng.SuiteRunner.privateRun(SuiteRunner.java:312)
	at org.testng.SuiteRunner.run(SuiteRunner.java:261)
	at org.testng.SuiteRunnerWorker.runSuite(SuiteRunnerWorker.java:52)
	at org.testng.SuiteRunnerWorker.run(SuiteRunnerWorker.java:86)
	at org.testng.TestNG.runSuitesSequentially(TestNG.java:1215)
	at org.testng.TestNG.runSuitesLocally(TestNG.java:1140)
	at org.testng.TestNG.run(TestNG.java:1048)
	at org.testng.remote.AbstractRemoteTestNG.run(AbstractRemoteTestNG.java:132)
	at org.testng.remote.RemoteTestNG.initAndRun(RemoteTestNG.java:230)
	at org.testng.remote.RemoteTestNG.main(RemoteTestNG.java:76)
</pre></div></td>
<td>0</td>
<td>com.XIPL.SuiteOne.TC011@72d818d1</td></tr>
<tr>
<td title='com.XIPL.SuiteOne.TC011.SuiteOneCaseTwoTest()'><b>SuiteOneCaseTwoTest</b><br>Test class: com.XIPL.SuiteOne.TC011<br>Parameters: deepak.sharma1@xceedance.com, Deepaksh28, Arizona, Audiology, Speech and Hearing, Audiologist, Hillsborough, Analyst, Self-Employed, Occurrence, 2/15/2017, May, 2018, No, 2, Yes, 3, Yes, Tripti , Anand, Doctor, dddd, dddd, IL, 96815, 8763542765, One Time Payment, 4111111111111111, 123, 11 - November, 2020, Derryn, Zwart, Bevis Marks, Boston, MA, 23110, , , </td>
<td><div><pre>org.testng.SkipException: DataToRun for row number 4 Is No Or Blank. So Skipping Its Execution.
	at com.XIPL.SuiteOne.TC011.SuiteOneCaseTwoTest(TC011.java:123)
... Removed 24 stack frames</pre></div><a href='#' onClick='toggleBox("stack-trace1288108586", this, "Click to show all stack frames", "Click to hide stack frames")'>Click to show all stack frames</a>
<div class='stack-trace' id='stack-trace1288108586'><pre>org.testng.SkipException: DataToRun for row number 4 Is No Or Blank. So Skipping Its Execution.
	at com.XIPL.SuiteOne.TC011.SuiteOneCaseTwoTest(TC011.java:123)
	at sun.reflect.NativeMethodAccessorImpl.invoke0(Native Method)
	at sun.reflect.NativeMethodAccessorImpl.invoke(Unknown Source)
	at sun.reflect.DelegatingMethodAccessorImpl.invoke(Unknown Source)
	at java.lang.reflect.Method.invoke(Unknown Source)
	at org.testng.internal.MethodInvocationHelper.invokeMethod(MethodInvocationHelper.java:85)
	at org.testng.internal.Invoker.invokeMethod(Invoker.java:639)
	at org.testng.internal.Invoker.invokeTestMethod(Invoker.java:816)
	at org.testng.internal.Invoker.invokeTestMethods(Invoker.java:1124)
	at org.testng.internal.TestMethodWorker.invokeTestMethods(TestMethodWorker.java:125)
	at org.testng.internal.TestMethodWorker.run(TestMethodWorker.java:108)
	at org.testng.TestRunner.privateRun(TestRunner.java:774)
	at org.testng.TestRunner.run(TestRunner.java:624)
	at org.testng.SuiteRunner.runTest(SuiteRunner.java:359)
	at org.testng.SuiteRunner.runSequentially(SuiteRunner.java:354)
	at org.testng.SuiteRunner.privateRun(SuiteRunner.java:312)
	at org.testng.SuiteRunner.run(SuiteRunner.java:261)
	at org.testng.SuiteRunnerWorker.runSuite(SuiteRunnerWorker.java:52)
	at org.testng.SuiteRunnerWorker.run(SuiteRunnerWorker.java:86)
	at org.testng.TestNG.runSuitesSequentially(TestNG.java:1215)
	at org.testng.TestNG.runSuitesLocally(TestNG.java:1140)
	at org.testng.TestNG.run(TestNG.java:1048)
	at org.testng.remote.AbstractRemoteTestNG.run(AbstractRemoteTestNG.java:132)
	at org.testng.remote.RemoteTestNG.initAndRun(RemoteTestNG.java:230)
	at org.testng.remote.RemoteTestNG.main(RemoteTestNG.java:76)
</pre></div></td>
<td>0</td>
<td>com.XIPL.SuiteOne.TC011@72d818d1</td></tr>
<tr>
<td title='com.XIPL.SuiteOne.TC011.SuiteOneCaseTwoTest()'><b>SuiteOneCaseTwoTest</b><br>Test class: com.XIPL.SuiteOne.TC011<br>Parameters: deepak.sharma1@xceedance.com, Deepaksh28, California, Nurse Practitioner, Obstetrics/Gynecology Related, Hillsborough, Analyst, Employed, Occurrence, 2/15/2017, May, 2018, Yes, 1, Yes, 3, Yes, Hitesh, Manocha, Nurse, asdf, fsdf, AZ, 85258, 8763542765, Installment, 4111111111111111, 123, 11 - November, 2020, Derryn, Zwart, Bevis Marks, Boston, MA, 23110, , , </td>
<td><div><pre>org.testng.SkipException: DataToRun for row number 5 Is No Or Blank. So Skipping Its Execution.
	at com.XIPL.SuiteOne.TC011.SuiteOneCaseTwoTest(TC011.java:123)
... Removed 24 stack frames</pre></div><a href='#' onClick='toggleBox("stack-trace2054757222", this, "Click to show all stack frames", "Click to hide stack frames")'>Click to show all stack frames</a>
<div class='stack-trace' id='stack-trace2054757222'><pre>org.testng.SkipException: DataToRun for row number 5 Is No Or Blank. So Skipping Its Execution.
	at com.XIPL.SuiteOne.TC011.SuiteOneCaseTwoTest(TC011.java:123)
	at sun.reflect.NativeMethodAccessorImpl.invoke0(Native Method)
	at sun.reflect.NativeMethodAccessorImpl.invoke(Unknown Source)
	at sun.reflect.DelegatingMethodAccessorImpl.invoke(Unknown Source)
	at java.lang.reflect.Method.invoke(Unknown Source)
	at org.testng.internal.MethodInvocationHelper.invokeMethod(MethodInvocationHelper.java:85)
	at org.testng.internal.Invoker.invokeMethod(Invoker.java:639)
	at org.testng.internal.Invoker.invokeTestMethod(Invoker.java:816)
	at org.testng.internal.Invoker.invokeTestMethods(Invoker.java:1124)
	at org.testng.internal.TestMethodWorker.invokeTestMethods(TestMethodWorker.java:125)
	at org.testng.internal.TestMethodWorker.run(TestMethodWorker.java:108)
	at org.testng.TestRunner.privateRun(TestRunner.java:774)
	at org.testng.TestRunner.run(TestRunner.java:624)
	at org.testng.SuiteRunner.runTest(SuiteRunner.java:359)
	at org.testng.SuiteRunner.runSequentially(SuiteRunner.java:354)
	at org.testng.SuiteRunner.privateRun(SuiteRunner.java:312)
	at org.testng.SuiteRunner.run(SuiteRunner.java:261)
	at org.testng.SuiteRunnerWorker.runSuite(SuiteRunnerWorker.java:52)
	at org.testng.SuiteRunnerWorker.run(SuiteRunnerWorker.java:86)
	at org.testng.TestNG.runSuitesSequentially(TestNG.java:1215)
	at org.testng.TestNG.runSuitesLocally(TestNG.java:1140)
	at org.testng.TestNG.run(TestNG.java:1048)
	at org.testng.remote.AbstractRemoteTestNG.run(AbstractRemoteTestNG.java:132)
	at org.testng.remote.RemoteTestNG.initAndRun(RemoteTestNG.java:230)
	at org.testng.remote.RemoteTestNG.main(RemoteTestNG.java:76)
</pre></div></td>
<td>0</td>
<td>com.XIPL.SuiteOne.TC011@72d818d1</td></tr>
<tr>
<td title='com.XIPL.SuiteOne.TC011.SuiteOneCaseTwoTest()'><b>SuiteOneCaseTwoTest</b><br>Test class: com.XIPL.SuiteOne.TC011<br>Parameters: deepak.sharma1@xceedance.com, Deepaksh28, Arizona, Nurse Practitioner, Acute Critical Care, Hillsborough, Analyst, Self-Employed, Occurrence, 2/15/2017, May, 2018, Yes, 1, No, 3, No, Megha, Sharma, Doctor, dsf, fsdf, AZ, 72114, 8763542765, One Time Payment, 4111111111111111, 123, 11 - November, 2020, Derryn, Zwart, Bevis Marks, Boston, MA, 23110, , , </td>
<td><div><pre>org.testng.SkipException: DataToRun for row number 6 Is No Or Blank. So Skipping Its Execution.
	at com.XIPL.SuiteOne.TC011.SuiteOneCaseTwoTest(TC011.java:123)
... Removed 24 stack frames</pre></div><a href='#' onClick='toggleBox("stack-trace348132918", this, "Click to show all stack frames", "Click to hide stack frames")'>Click to show all stack frames</a>
<div class='stack-trace' id='stack-trace348132918'><pre>org.testng.SkipException: DataToRun for row number 6 Is No Or Blank. So Skipping Its Execution.
	at com.XIPL.SuiteOne.TC011.SuiteOneCaseTwoTest(TC011.java:123)
	at sun.reflect.NativeMethodAccessorImpl.invoke0(Native Method)
	at sun.reflect.NativeMethodAccessorImpl.invoke(Unknown Source)
	at sun.reflect.DelegatingMethodAccessorImpl.invoke(Unknown Source)
	at java.lang.reflect.Method.invoke(Unknown Source)
	at org.testng.internal.MethodInvocationHelper.invokeMethod(MethodInvocationHelper.java:85)
	at org.testng.internal.Invoker.invokeMethod(Invoker.java:639)
	at org.testng.internal.Invoker.invokeTestMethod(Invoker.java:816)
	at org.testng.internal.Invoker.invokeTestMethods(Invoker.java:1124)
	at org.testng.internal.TestMethodWorker.invokeTestMethods(TestMethodWorker.java:125)
	at org.testng.internal.TestMethodWorker.run(TestMethodWorker.java:108)
	at org.testng.TestRunner.privateRun(TestRunner.java:774)
	at org.testng.TestRunner.run(TestRunner.java:624)
	at org.testng.SuiteRunner.runTest(SuiteRunner.java:359)
	at org.testng.SuiteRunner.runSequentially(SuiteRunner.java:354)
	at org.testng.SuiteRunner.privateRun(SuiteRunner.java:312)
	at org.testng.SuiteRunner.run(SuiteRunner.java:261)
	at org.testng.SuiteRunnerWorker.runSuite(SuiteRunnerWorker.java:52)
	at org.testng.SuiteRunnerWorker.run(SuiteRunnerWorker.java:86)
	at org.testng.TestNG.runSuitesSequentially(TestNG.java:1215)
	at org.testng.TestNG.runSuitesLocally(TestNG.java:1140)
	at org.testng.TestNG.run(TestNG.java:1048)
	at org.testng.remote.AbstractRemoteTestNG.run(AbstractRemoteTestNG.java:132)
	at org.testng.remote.RemoteTestNG.initAndRun(RemoteTestNG.java:230)
	at org.testng.remote.RemoteTestNG.main(RemoteTestNG.java:76)
</pre></div></td>
<td>0</td>
<td>com.XIPL.SuiteOne.TC011@72d818d1</td></tr>
<tr>
<td title='com.XIPL.SuiteOne.TC011.SuiteOneCaseTwoTest()'><b>SuiteOneCaseTwoTest</b><br>Test class: com.XIPL.SuiteOne.TC011<br>Parameters: deepak.sharma1@xceedance.com, Deepaksh28, California, Nurse Practitioner, Correctional Facility, Hillsborough, Analyst, Student, Occurrence, 2/15/2017, May, 2018, Yes, 1, Yes, 3, Yes, Deepak, Sharma, Doctor, aaa, bbbb, AZ, 47877, 8763542765, Installment, 4111111111111111, 123, 11 - November, 2020, Derryn, Zwart, Bevis Marks, Boston, MA, 23110, , , </td>
<td><div><pre>org.testng.SkipException: DataToRun for row number 7 Is No Or Blank. So Skipping Its Execution.
	at com.XIPL.SuiteOne.TC011.SuiteOneCaseTwoTest(TC011.java:123)
... Removed 24 stack frames</pre></div><a href='#' onClick='toggleBox("stack-trace1805443519", this, "Click to show all stack frames", "Click to hide stack frames")'>Click to show all stack frames</a>
<div class='stack-trace' id='stack-trace1805443519'><pre>org.testng.SkipException: DataToRun for row number 7 Is No Or Blank. So Skipping Its Execution.
	at com.XIPL.SuiteOne.TC011.SuiteOneCaseTwoTest(TC011.java:123)
	at sun.reflect.NativeMethodAccessorImpl.invoke0(Native Method)
	at sun.reflect.NativeMethodAccessorImpl.invoke(Unknown Source)
	at sun.reflect.DelegatingMethodAccessorImpl.invoke(Unknown Source)
	at java.lang.reflect.Method.invoke(Unknown Source)
	at org.testng.internal.MethodInvocationHelper.invokeMethod(MethodInvocationHelper.java:85)
	at org.testng.internal.Invoker.invokeMethod(Invoker.java:639)
	at org.testng.internal.Invoker.invokeTestMethod(Invoker.java:816)
	at org.testng.internal.Invoker.invokeTestMethods(Invoker.java:1124)
	at org.testng.internal.TestMethodWorker.invokeTestMethods(TestMethodWorker.java:125)
	at org.testng.internal.TestMethodWorker.run(TestMethodWorker.java:108)
	at org.testng.TestRunner.privateRun(TestRunner.java:774)
	at org.testng.TestRunner.run(TestRunner.java:624)
	at org.testng.SuiteRunner.runTest(SuiteRunner.java:359)
	at org.testng.SuiteRunner.runSequentially(SuiteRunner.java:354)
	at org.testng.SuiteRunner.privateRun(SuiteRunner.java:312)
	at org.testng.SuiteRunner.run(SuiteRunner.java:261)
	at org.testng.SuiteRunnerWorker.runSuite(SuiteRunnerWorker.java:52)
	at org.testng.SuiteRunnerWorker.run(SuiteRunnerWorker.java:86)
	at org.testng.TestNG.runSuitesSequentially(TestNG.java:1215)
	at org.testng.TestNG.runSuitesLocally(TestNG.java:1140)
	at org.testng.TestNG.run(TestNG.java:1048)
	at org.testng.remote.AbstractRemoteTestNG.run(AbstractRemoteTestNG.java:132)
	at org.testng.remote.RemoteTestNG.initAndRun(RemoteTestNG.java:230)
	at org.testng.remote.RemoteTestNG.main(RemoteTestNG.java:76)
</pre></div></td>
<td>0</td>
<td>com.XIPL.SuiteOne.TC011@72d818d1</td></tr>
</table><p>
</body>
</html>