<html>
<head>
<title>TestNG:  TestCase 012_S2</title>
<link href="../testng.css" rel="stylesheet" type="text/css" />
<link href="../my-testng.css" rel="stylesheet" type="text/css" />

<style type="text/css">
.log { display: none;} 
.stack-trace { display: none;} 
</style>
<script type="text/javascript">
<!--
function flip(e) {
  current = e.style.display;
  if (current == 'block') {
    e.style.display = 'none';
    return 0;
  }
  else {
    e.style.display = 'block';
    return 1;
  }
}

function toggleBox(szDivId, elem, msg1, msg2)
{
  var res = -1;  if (document.getElementById) {
    res = flip(document.getElementById(szDivId));
  }
  else if (document.all) {
    // this is the way old msie versions work
    res = flip(document.all[szDivId]);
  }
  if(elem) {
    if(res == 0) elem.innerHTML = msg1; else elem.innerHTML = msg2;
  }

}

function toggleAllBoxes() {
  if (document.getElementsByTagName) {
    d = document.getElementsByTagName('div');
    for (i = 0; i < d.length; i++) {
      if (d[i].className == 'log') {
        flip(d[i]);
      }
    }
  }
}

// -->
</script>

</head>
<body>
<h2 align='center'>TestCase 012_S2</h2><table border='1' align="center">
<tr>
<td>Tests passed/Failed/Skipped:</td><td>0/2/6</td>
</tr><tr>
<td>Started on:</td><td>Thu Aug 17 17:09:58 IST 2017</td>
</tr>
<tr><td>Total time:</td><td>313 seconds (313595 ms)</td>
</tr><tr>
<td>Included groups:</td><td></td>
</tr><tr>
<td>Excluded groups:</td><td></td>
</tr>
</table><p/>
<small><i>(Hover the method name to see the test class name)</i></small><p/>
<table width='100%' border='1' class='invocation-failed'>
<tr><td colspan='4' align='center'><b>FAILED TESTS</b></td></tr>
<tr><td><b>Test method</b></td>
<td width="30%"><b>Exception</b></td>
<td width="10%"><b>Time (seconds)</b></td>
<td><b>Instance</b></td>
</tr>
<tr>
<td title='com.XIPL.SuiteOne.TC012_S2.SuiteOneCaseTwoTest()'><b>SuiteOneCaseTwoTest</b><br>Test class: com.XIPL.SuiteOne.TC012_S2<br>Parameters: deepak.sharma1@xceedance.com, Deepaksh28, Arizona, Audiology, Speech and Hearing, Audiologist, Hillsborough, Analyst, Student, Claims Made, 2/15/2017, May, 2018, Yes, 4, No, 2, No, Tripti , Anand, Doctor, Augusta Point, dddd, DC, 47877, 8763542765, One Time Payment, 4111111111111111, 123, 11 - November, 2020, Derryn, Zwart, Bevis Marks, Boston, MA, 23110, AcceptanceAdmin, Berkshire#12, 47-QAA-002582-01, Cancel on behalf of user, 1/19/2017, Cancel on behalf of user, Coverage, Comments1, Cancel Policy, C:\Workspace\Project1\screenshots\Failures\TC012_S2\TC012_S2-dataset-1-08-17-2017 4-45-59.png</td>
<td><div><pre>java.lang.NullPointerException
	at com.XIPL.SuiteOne.TC012_S2.SuiteOneCaseTwoTest(TC012_S2.java:272)
... Removed 24 stack frames</pre></div><a href='#' onClick='toggleBox("stack-trace404222443", this, "Click to show all stack frames", "Click to hide stack frames")'>Click to show all stack frames</a>
<div class='stack-trace' id='stack-trace404222443'><pre>java.lang.NullPointerException
	at com.XIPL.SuiteOne.TC012_S2.SuiteOneCaseTwoTest(TC012_S2.java:272)
	at sun.reflect.NativeMethodAccessorImpl.invoke0(Native Method)
	at sun.reflect.NativeMethodAccessorImpl.invoke(Unknown Source)
	at sun.reflect.DelegatingMethodAccessorImpl.invoke(Unknown Source)
	at java.lang.reflect.Method.invoke(Unknown Source)
	at org.testng.internal.MethodInvocationHelper.invokeMethod(MethodInvocationHelper.java:85)
	at org.testng.internal.Invoker.invokeMethod(Invoker.java:639)
	at org.testng.internal.Invoker.invokeTestMethod(Invoker.java:816)
	at org.testng.internal.Invoker.invokeTestMethods(Invoker.java:1124)
	at org.testng.internal.TestMethodWorker.invokeTestMethods(TestMethodWorker.java:125)
	at org.testng.internal.TestMethodWorker.run(TestMethodWorker.java:108)
	at org.testng.TestRunner.privateRun(TestRunner.java:774)
	at org.testng.TestRunner.run(TestRunner.java:624)
	at org.testng.SuiteRunner.runTest(SuiteRunner.java:359)
	at org.testng.SuiteRunner.runSequentially(SuiteRunner.java:354)
	at org.testng.SuiteRunner.privateRun(SuiteRunner.java:312)
	at org.testng.SuiteRunner.run(SuiteRunner.java:261)
	at org.testng.SuiteRunnerWorker.runSuite(SuiteRunnerWorker.java:52)
	at org.testng.SuiteRunnerWorker.run(SuiteRunnerWorker.java:86)
	at org.testng.TestNG.runSuitesSequentially(TestNG.java:1215)
	at org.testng.TestNG.runSuitesLocally(TestNG.java:1140)
	at org.testng.TestNG.run(TestNG.java:1048)
	at org.testng.remote.AbstractRemoteTestNG.run(AbstractRemoteTestNG.java:132)
	at org.testng.remote.RemoteTestNG.initAndRun(RemoteTestNG.java:230)
	at org.testng.remote.RemoteTestNG.main(RemoteTestNG.java:76)
</pre></div></td>
<td>245</td>
<td>com.XIPL.SuiteOne.TC012_S2@5700d6b1</td></tr>
<tr>
<td title='com.XIPL.SuiteOne.TC012_S2.SuiteOneCaseTwoTest()'><b>SuiteOneCaseTwoTest</b><br>Test class: com.XIPL.SuiteOne.TC012_S2<br>Parameters: deepak.sharma1@xceedance.com, Deepaksh28, California, Physician Assistant, Anesthesia Administration (All Types), Hillsborough, Analyst, Employed, Occurrence, 2/15/2017, May, 2018, Yes, 1, Yes, 2, Yes, Aakash, Nandrajog, Nurse, cccc, ccccc, AZ, 21868, 8763542765, Installment, 4111111111111111, 123, 11 - November, 2020, Derryn, Zwart, Bevis Marks, Boston, MA, 23110, AcceptanceAdmin, Berkshire#12, 47-QAA-001756-01, Flat Cancel, 1/19/2017, , Pricing, Flat Cancel Comment, , C:\Workspace\Project1\screenshots\Failures\TC012_S2\TC012_S2-dataset-2-08-17-2017 3-23-25.png</td>
<td><div><pre>java.lang.NullPointerException
	at com.XIPL.SuiteOne.TC012_S2.SuiteOneCaseTwoTest(TC012_S2.java:272)
... Removed 24 stack frames</pre></div><a href='#' onClick='toggleBox("stack-trace743778731", this, "Click to show all stack frames", "Click to hide stack frames")'>Click to show all stack frames</a>
<div class='stack-trace' id='stack-trace743778731'><pre>java.lang.NullPointerException
	at com.XIPL.SuiteOne.TC012_S2.SuiteOneCaseTwoTest(TC012_S2.java:272)
	at sun.reflect.NativeMethodAccessorImpl.invoke0(Native Method)
	at sun.reflect.NativeMethodAccessorImpl.invoke(Unknown Source)
	at sun.reflect.DelegatingMethodAccessorImpl.invoke(Unknown Source)
	at java.lang.reflect.Method.invoke(Unknown Source)
	at org.testng.internal.MethodInvocationHelper.invokeMethod(MethodInvocationHelper.java:85)
	at org.testng.internal.Invoker.invokeMethod(Invoker.java:639)
	at org.testng.internal.Invoker.invokeTestMethod(Invoker.java:816)
	at org.testng.internal.Invoker.invokeTestMethods(Invoker.java:1124)
	at org.testng.internal.TestMethodWorker.invokeTestMethods(TestMethodWorker.java:125)
	at org.testng.internal.TestMethodWorker.run(TestMethodWorker.java:108)
	at org.testng.TestRunner.privateRun(TestRunner.java:774)
	at org.testng.TestRunner.run(TestRunner.java:624)
	at org.testng.SuiteRunner.runTest(SuiteRunner.java:359)
	at org.testng.SuiteRunner.runSequentially(SuiteRunner.java:354)
	at org.testng.SuiteRunner.privateRun(SuiteRunner.java:312)
	at org.testng.SuiteRunner.run(SuiteRunner.java:261)
	at org.testng.SuiteRunnerWorker.runSuite(SuiteRunnerWorker.java:52)
	at org.testng.SuiteRunnerWorker.run(SuiteRunnerWorker.java:86)
	at org.testng.TestNG.runSuitesSequentially(TestNG.java:1215)
	at org.testng.TestNG.runSuitesLocally(TestNG.java:1140)
	at org.testng.TestNG.run(TestNG.java:1048)
	at org.testng.remote.AbstractRemoteTestNG.run(AbstractRemoteTestNG.java:132)
	at org.testng.remote.RemoteTestNG.initAndRun(RemoteTestNG.java:230)
	at org.testng.remote.RemoteTestNG.main(RemoteTestNG.java:76)
</pre></div></td>
<td>67</td>
<td>com.XIPL.SuiteOne.TC012_S2@5700d6b1</td></tr>
</table><p>
<table width='100%' border='1' class='invocation-skipped'>
<tr><td colspan='4' align='center'><b>SKIPPED TESTS</b></td></tr>
<tr><td><b>Test method</b></td>
<td width="30%"><b>Exception</b></td>
<td width="10%"><b>Time (seconds)</b></td>
<td><b>Instance</b></td>
</tr>
<tr>
<td title='com.XIPL.SuiteOne.TC012_S2.SuiteOneCaseTwoTest()'><b>SuiteOneCaseTwoTest</b><br>Test class: com.XIPL.SuiteOne.TC012_S2<br>Parameters: deepak.sharma1@xceedance.com, Deepaksh28, Arizona, Nurse Practitioner, Emergency Room, Hillsborough, Analyst, Employed, Claims Made, 2/15/2017, May, 2018, Yes, 4, No, 2, No, Aakash, Nandrajog, Nurse, cccc, ccccc, AZ, 21868, 8763542765, One Time Payment, 4111111111111111, 123, 11 - November, 2020, Derryn, Zwart, Bevis Marks, Boston, MA, 23110, AcceptanceAdmin, Berkshire#12, 47-QAA-001382-01, Flat Cancel, 1/19/2017, , Pricing, Flat Cancel Comment, , </td>
<td><div><pre>org.testng.SkipException: DataToRun for row number 2 Is No Or Blank. So Skipping Its Execution.
	at com.XIPL.SuiteOne.TC012_S2.SuiteOneCaseTwoTest(TC012_S2.java:108)
... Removed 24 stack frames</pre></div><a href='#' onClick='toggleBox("stack-trace743648472", this, "Click to show all stack frames", "Click to hide stack frames")'>Click to show all stack frames</a>
<div class='stack-trace' id='stack-trace743648472'><pre>org.testng.SkipException: DataToRun for row number 2 Is No Or Blank. So Skipping Its Execution.
	at com.XIPL.SuiteOne.TC012_S2.SuiteOneCaseTwoTest(TC012_S2.java:108)
	at sun.reflect.NativeMethodAccessorImpl.invoke0(Native Method)
	at sun.reflect.NativeMethodAccessorImpl.invoke(Unknown Source)
	at sun.reflect.DelegatingMethodAccessorImpl.invoke(Unknown Source)
	at java.lang.reflect.Method.invoke(Unknown Source)
	at org.testng.internal.MethodInvocationHelper.invokeMethod(MethodInvocationHelper.java:85)
	at org.testng.internal.Invoker.invokeMethod(Invoker.java:639)
	at org.testng.internal.Invoker.invokeTestMethod(Invoker.java:816)
	at org.testng.internal.Invoker.invokeTestMethods(Invoker.java:1124)
	at org.testng.internal.TestMethodWorker.invokeTestMethods(TestMethodWorker.java:125)
	at org.testng.internal.TestMethodWorker.run(TestMethodWorker.java:108)
	at org.testng.TestRunner.privateRun(TestRunner.java:774)
	at org.testng.TestRunner.run(TestRunner.java:624)
	at org.testng.SuiteRunner.runTest(SuiteRunner.java:359)
	at org.testng.SuiteRunner.runSequentially(SuiteRunner.java:354)
	at org.testng.SuiteRunner.privateRun(SuiteRunner.java:312)
	at org.testng.SuiteRunner.run(SuiteRunner.java:261)
	at org.testng.SuiteRunnerWorker.runSuite(SuiteRunnerWorker.java:52)
	at org.testng.SuiteRunnerWorker.run(SuiteRunnerWorker.java:86)
	at org.testng.TestNG.runSuitesSequentially(TestNG.java:1215)
	at org.testng.TestNG.runSuitesLocally(TestNG.java:1140)
	at org.testng.TestNG.run(TestNG.java:1048)
	at org.testng.remote.AbstractRemoteTestNG.run(AbstractRemoteTestNG.java:132)
	at org.testng.remote.RemoteTestNG.initAndRun(RemoteTestNG.java:230)
	at org.testng.remote.RemoteTestNG.main(RemoteTestNG.java:76)
</pre></div></td>
<td>0</td>
<td>com.XIPL.SuiteOne.TC012_S2@5700d6b1</td></tr>
<tr>
<td title='com.XIPL.SuiteOne.TC012_S2.SuiteOneCaseTwoTest()'><b>SuiteOneCaseTwoTest</b><br>Test class: com.XIPL.SuiteOne.TC012_S2<br>Parameters: deepak.sharma1@xceedance.com, Deepaksh28, California, Psychology and Mental Health, Psychologist, Hillsborough, Analyst, Student, Occurrence, 2/15/2017, May, 2018, Yes, 1, Yes, 2, Yes, Aakash, Nandrajog, Nurse, cccc, ccccc, AZ, 21868, 8763542765, Installment, 4111111111111111, 123, 11 - November, 2020, Derryn, Zwart, Bevis Marks, Boston, MA, 23110, AcceptanceAdmin, Berkshire#12, 47-QAA-001382-01, Flat Cancel, 1/19/2017, , Pricing, Flat Cancel Comment, , </td>
<td><div><pre>org.testng.SkipException: DataToRun for row number 3 Is No Or Blank. So Skipping Its Execution.
	at com.XIPL.SuiteOne.TC012_S2.SuiteOneCaseTwoTest(TC012_S2.java:108)
... Removed 24 stack frames</pre></div><a href='#' onClick='toggleBox("stack-trace1368862151", this, "Click to show all stack frames", "Click to hide stack frames")'>Click to show all stack frames</a>
<div class='stack-trace' id='stack-trace1368862151'><pre>org.testng.SkipException: DataToRun for row number 3 Is No Or Blank. So Skipping Its Execution.
	at com.XIPL.SuiteOne.TC012_S2.SuiteOneCaseTwoTest(TC012_S2.java:108)
	at sun.reflect.NativeMethodAccessorImpl.invoke0(Native Method)
	at sun.reflect.NativeMethodAccessorImpl.invoke(Unknown Source)
	at sun.reflect.DelegatingMethodAccessorImpl.invoke(Unknown Source)
	at java.lang.reflect.Method.invoke(Unknown Source)
	at org.testng.internal.MethodInvocationHelper.invokeMethod(MethodInvocationHelper.java:85)
	at org.testng.internal.Invoker.invokeMethod(Invoker.java:639)
	at org.testng.internal.Invoker.invokeTestMethod(Invoker.java:816)
	at org.testng.internal.Invoker.invokeTestMethods(Invoker.java:1124)
	at org.testng.internal.TestMethodWorker.invokeTestMethods(TestMethodWorker.java:125)
	at org.testng.internal.TestMethodWorker.run(TestMethodWorker.java:108)
	at org.testng.TestRunner.privateRun(TestRunner.java:774)
	at org.testng.TestRunner.run(TestRunner.java:624)
	at org.testng.SuiteRunner.runTest(SuiteRunner.java:359)
	at org.testng.SuiteRunner.runSequentially(SuiteRunner.java:354)
	at org.testng.SuiteRunner.privateRun(SuiteRunner.java:312)
	at org.testng.SuiteRunner.run(SuiteRunner.java:261)
	at org.testng.SuiteRunnerWorker.runSuite(SuiteRunnerWorker.java:52)
	at org.testng.SuiteRunnerWorker.run(SuiteRunnerWorker.java:86)
	at org.testng.TestNG.runSuitesSequentially(TestNG.java:1215)
	at org.testng.TestNG.runSuitesLocally(TestNG.java:1140)
	at org.testng.TestNG.run(TestNG.java:1048)
	at org.testng.remote.AbstractRemoteTestNG.run(AbstractRemoteTestNG.java:132)
	at org.testng.remote.RemoteTestNG.initAndRun(RemoteTestNG.java:230)
	at org.testng.remote.RemoteTestNG.main(RemoteTestNG.java:76)
</pre></div></td>
<td>0</td>
<td>com.XIPL.SuiteOne.TC012_S2@5700d6b1</td></tr>
<tr>
<td title='com.XIPL.SuiteOne.TC012_S2.SuiteOneCaseTwoTest()'><b>SuiteOneCaseTwoTest</b><br>Test class: com.XIPL.SuiteOne.TC012_S2<br>Parameters: deepak.sharma1@xceedance.com, Deepaksh28, Arizona, Audiology, Speech and Hearing, Audiologist, Hillsborough, Analyst, Self-Employed, Occurrence, 2/15/2017, May, 2018, No, 2, Yes, 3, Yes, Aakash, Nandrajog, Nurse, cccc, ccccc, AZ, 21868, 8763542765, One Time Payment, 4111111111111111, 123, 11 - November, 2020, Derryn, Zwart, Bevis Marks, Boston, MA, 23110, AcceptanceAdmin, Berkshire#12, 47-QAA-001382-01, Flat Cancel, 1/19/2017, , Pricing, Flat Cancel Comment, , </td>
<td><div><pre>org.testng.SkipException: DataToRun for row number 4 Is No Or Blank. So Skipping Its Execution.
	at com.XIPL.SuiteOne.TC012_S2.SuiteOneCaseTwoTest(TC012_S2.java:108)
... Removed 24 stack frames</pre></div><a href='#' onClick='toggleBox("stack-trace33563464", this, "Click to show all stack frames", "Click to hide stack frames")'>Click to show all stack frames</a>
<div class='stack-trace' id='stack-trace33563464'><pre>org.testng.SkipException: DataToRun for row number 4 Is No Or Blank. So Skipping Its Execution.
	at com.XIPL.SuiteOne.TC012_S2.SuiteOneCaseTwoTest(TC012_S2.java:108)
	at sun.reflect.NativeMethodAccessorImpl.invoke0(Native Method)
	at sun.reflect.NativeMethodAccessorImpl.invoke(Unknown Source)
	at sun.reflect.DelegatingMethodAccessorImpl.invoke(Unknown Source)
	at java.lang.reflect.Method.invoke(Unknown Source)
	at org.testng.internal.MethodInvocationHelper.invokeMethod(MethodInvocationHelper.java:85)
	at org.testng.internal.Invoker.invokeMethod(Invoker.java:639)
	at org.testng.internal.Invoker.invokeTestMethod(Invoker.java:816)
	at org.testng.internal.Invoker.invokeTestMethods(Invoker.java:1124)
	at org.testng.internal.TestMethodWorker.invokeTestMethods(TestMethodWorker.java:125)
	at org.testng.internal.TestMethodWorker.run(TestMethodWorker.java:108)
	at org.testng.TestRunner.privateRun(TestRunner.java:774)
	at org.testng.TestRunner.run(TestRunner.java:624)
	at org.testng.SuiteRunner.runTest(SuiteRunner.java:359)
	at org.testng.SuiteRunner.runSequentially(SuiteRunner.java:354)
	at org.testng.SuiteRunner.privateRun(SuiteRunner.java:312)
	at org.testng.SuiteRunner.run(SuiteRunner.java:261)
	at org.testng.SuiteRunnerWorker.runSuite(SuiteRunnerWorker.java:52)
	at org.testng.SuiteRunnerWorker.run(SuiteRunnerWorker.java:86)
	at org.testng.TestNG.runSuitesSequentially(TestNG.java:1215)
	at org.testng.TestNG.runSuitesLocally(TestNG.java:1140)
	at org.testng.TestNG.run(TestNG.java:1048)
	at org.testng.remote.AbstractRemoteTestNG.run(AbstractRemoteTestNG.java:132)
	at org.testng.remote.RemoteTestNG.initAndRun(RemoteTestNG.java:230)
	at org.testng.remote.RemoteTestNG.main(RemoteTestNG.java:76)
</pre></div></td>
<td>0</td>
<td>com.XIPL.SuiteOne.TC012_S2@5700d6b1</td></tr>
<tr>
<td title='com.XIPL.SuiteOne.TC012_S2.SuiteOneCaseTwoTest()'><b>SuiteOneCaseTwoTest</b><br>Test class: com.XIPL.SuiteOne.TC012_S2<br>Parameters: deepak.sharma1@xceedance.com, Deepaksh28, California, Nurse Practitioner, Obstetrics/Gynecology Related, Hillsborough, Analyst, Employed, Occurrence, 2/15/2017, May, 2018, Yes, 1, Yes, 3, Yes, Aakash, Nandrajog, Nurse, cccc, ccccc, AZ, 21868, 8763542765, Installment, 4111111111111111, 123, 11 - November, 2020, Derryn, Zwart, Bevis Marks, Boston, MA, 23110, AcceptanceAdmin, Berkshire#12, 47-QAA-001382-01, Flat Cancel, 1/19/2017, , Pricing, Flat Cancel Comment, , </td>
<td><div><pre>org.testng.SkipException: DataToRun for row number 5 Is No Or Blank. So Skipping Its Execution.
	at com.XIPL.SuiteOne.TC012_S2.SuiteOneCaseTwoTest(TC012_S2.java:108)
... Removed 24 stack frames</pre></div><a href='#' onClick='toggleBox("stack-trace822087264", this, "Click to show all stack frames", "Click to hide stack frames")'>Click to show all stack frames</a>
<div class='stack-trace' id='stack-trace822087264'><pre>org.testng.SkipException: DataToRun for row number 5 Is No Or Blank. So Skipping Its Execution.
	at com.XIPL.SuiteOne.TC012_S2.SuiteOneCaseTwoTest(TC012_S2.java:108)
	at sun.reflect.NativeMethodAccessorImpl.invoke0(Native Method)
	at sun.reflect.NativeMethodAccessorImpl.invoke(Unknown Source)
	at sun.reflect.DelegatingMethodAccessorImpl.invoke(Unknown Source)
	at java.lang.reflect.Method.invoke(Unknown Source)
	at org.testng.internal.MethodInvocationHelper.invokeMethod(MethodInvocationHelper.java:85)
	at org.testng.internal.Invoker.invokeMethod(Invoker.java:639)
	at org.testng.internal.Invoker.invokeTestMethod(Invoker.java:816)
	at org.testng.internal.Invoker.invokeTestMethods(Invoker.java:1124)
	at org.testng.internal.TestMethodWorker.invokeTestMethods(TestMethodWorker.java:125)
	at org.testng.internal.TestMethodWorker.run(TestMethodWorker.java:108)
	at org.testng.TestRunner.privateRun(TestRunner.java:774)
	at org.testng.TestRunner.run(TestRunner.java:624)
	at org.testng.SuiteRunner.runTest(SuiteRunner.java:359)
	at org.testng.SuiteRunner.runSequentially(SuiteRunner.java:354)
	at org.testng.SuiteRunner.privateRun(SuiteRunner.java:312)
	at org.testng.SuiteRunner.run(SuiteRunner.java:261)
	at org.testng.SuiteRunnerWorker.runSuite(SuiteRunnerWorker.java:52)
	at org.testng.SuiteRunnerWorker.run(SuiteRunnerWorker.java:86)
	at org.testng.TestNG.runSuitesSequentially(TestNG.java:1215)
	at org.testng.TestNG.runSuitesLocally(TestNG.java:1140)
	at org.testng.TestNG.run(TestNG.java:1048)
	at org.testng.remote.AbstractRemoteTestNG.run(AbstractRemoteTestNG.java:132)
	at org.testng.remote.RemoteTestNG.initAndRun(RemoteTestNG.java:230)
	at org.testng.remote.RemoteTestNG.main(RemoteTestNG.java:76)
</pre></div></td>
<td>0</td>
<td>com.XIPL.SuiteOne.TC012_S2@5700d6b1</td></tr>
<tr>
<td title='com.XIPL.SuiteOne.TC012_S2.SuiteOneCaseTwoTest()'><b>SuiteOneCaseTwoTest</b><br>Test class: com.XIPL.SuiteOne.TC012_S2<br>Parameters: deepak.sharma1@xceedance.com, Deepaksh28, Arizona, Nurse Practitioner, Acute Critical Care, Hillsborough, Analyst, Self-Employed, Occurrence, 2/15/2017, May, 2018, Yes, 1, No, 3, No, Aakash, Nandrajog, Nurse, cccc, ccccc, AZ, 21868, 8763542765, One Time Payment, 4111111111111111, 123, 11 - November, 2020, Derryn, Zwart, Bevis Marks, Boston, MA, 23110, AcceptanceAdmin, Berkshire#12, 47-QAA-001382-01, Flat Cancel, 1/19/2017, , Pricing, Flat Cancel Comment, , </td>
<td><div><pre>org.testng.SkipException: DataToRun for row number 6 Is No Or Blank. So Skipping Its Execution.
	at com.XIPL.SuiteOne.TC012_S2.SuiteOneCaseTwoTest(TC012_S2.java:108)
... Removed 24 stack frames</pre></div><a href='#' onClick='toggleBox("stack-trace38603201", this, "Click to show all stack frames", "Click to hide stack frames")'>Click to show all stack frames</a>
<div class='stack-trace' id='stack-trace38603201'><pre>org.testng.SkipException: DataToRun for row number 6 Is No Or Blank. So Skipping Its Execution.
	at com.XIPL.SuiteOne.TC012_S2.SuiteOneCaseTwoTest(TC012_S2.java:108)
	at sun.reflect.NativeMethodAccessorImpl.invoke0(Native Method)
	at sun.reflect.NativeMethodAccessorImpl.invoke(Unknown Source)
	at sun.reflect.DelegatingMethodAccessorImpl.invoke(Unknown Source)
	at java.lang.reflect.Method.invoke(Unknown Source)
	at org.testng.internal.MethodInvocationHelper.invokeMethod(MethodInvocationHelper.java:85)
	at org.testng.internal.Invoker.invokeMethod(Invoker.java:639)
	at org.testng.internal.Invoker.invokeTestMethod(Invoker.java:816)
	at org.testng.internal.Invoker.invokeTestMethods(Invoker.java:1124)
	at org.testng.internal.TestMethodWorker.invokeTestMethods(TestMethodWorker.java:125)
	at org.testng.internal.TestMethodWorker.run(TestMethodWorker.java:108)
	at org.testng.TestRunner.privateRun(TestRunner.java:774)
	at org.testng.TestRunner.run(TestRunner.java:624)
	at org.testng.SuiteRunner.runTest(SuiteRunner.java:359)
	at org.testng.SuiteRunner.runSequentially(SuiteRunner.java:354)
	at org.testng.SuiteRunner.privateRun(SuiteRunner.java:312)
	at org.testng.SuiteRunner.run(SuiteRunner.java:261)
	at org.testng.SuiteRunnerWorker.runSuite(SuiteRunnerWorker.java:52)
	at org.testng.SuiteRunnerWorker.run(SuiteRunnerWorker.java:86)
	at org.testng.TestNG.runSuitesSequentially(TestNG.java:1215)
	at org.testng.TestNG.runSuitesLocally(TestNG.java:1140)
	at org.testng.TestNG.run(TestNG.java:1048)
	at org.testng.remote.AbstractRemoteTestNG.run(AbstractRemoteTestNG.java:132)
	at org.testng.remote.RemoteTestNG.initAndRun(RemoteTestNG.java:230)
	at org.testng.remote.RemoteTestNG.main(RemoteTestNG.java:76)
</pre></div></td>
<td>0</td>
<td>com.XIPL.SuiteOne.TC012_S2@5700d6b1</td></tr>
<tr>
<td title='com.XIPL.SuiteOne.TC012_S2.SuiteOneCaseTwoTest()'><b>SuiteOneCaseTwoTest</b><br>Test class: com.XIPL.SuiteOne.TC012_S2<br>Parameters: deepak.sharma1@xceedance.com, Deepaksh28, Arizona, Nurse Practitioner, Correctional Facility, Hillsborough, Analyst, Student, Occurrence, 2/15/2017, May, 2018, Yes, 1, Yes, 3, Yes, Aakash, Nandrajog, Nurse, cccc, ccccc, AZ, 21868, 8763542765, Installment, 4111111111111111, 123, 11 - November, 2020, Derryn, Zwart, Bevis Marks, Boston, MA, 23110, AcceptanceAdmin, Berkshire#12, 47-QAA-001382-01, Flat Cancel, 1/19/2017, , Pricing, Flat Cancel Comment, , </td>
<td><div><pre>org.testng.SkipException: DataToRun for row number 7 Is No Or Blank. So Skipping Its Execution.
	at com.XIPL.SuiteOne.TC012_S2.SuiteOneCaseTwoTest(TC012_S2.java:108)
... Removed 24 stack frames</pre></div><a href='#' onClick='toggleBox("stack-trace1694784135", this, "Click to show all stack frames", "Click to hide stack frames")'>Click to show all stack frames</a>
<div class='stack-trace' id='stack-trace1694784135'><pre>org.testng.SkipException: DataToRun for row number 7 Is No Or Blank. So Skipping Its Execution.
	at com.XIPL.SuiteOne.TC012_S2.SuiteOneCaseTwoTest(TC012_S2.java:108)
	at sun.reflect.NativeMethodAccessorImpl.invoke0(Native Method)
	at sun.reflect.NativeMethodAccessorImpl.invoke(Unknown Source)
	at sun.reflect.DelegatingMethodAccessorImpl.invoke(Unknown Source)
	at java.lang.reflect.Method.invoke(Unknown Source)
	at org.testng.internal.MethodInvocationHelper.invokeMethod(MethodInvocationHelper.java:85)
	at org.testng.internal.Invoker.invokeMethod(Invoker.java:639)
	at org.testng.internal.Invoker.invokeTestMethod(Invoker.java:816)
	at org.testng.internal.Invoker.invokeTestMethods(Invoker.java:1124)
	at org.testng.internal.TestMethodWorker.invokeTestMethods(TestMethodWorker.java:125)
	at org.testng.internal.TestMethodWorker.run(TestMethodWorker.java:108)
	at org.testng.TestRunner.privateRun(TestRunner.java:774)
	at org.testng.TestRunner.run(TestRunner.java:624)
	at org.testng.SuiteRunner.runTest(SuiteRunner.java:359)
	at org.testng.SuiteRunner.runSequentially(SuiteRunner.java:354)
	at org.testng.SuiteRunner.privateRun(SuiteRunner.java:312)
	at org.testng.SuiteRunner.run(SuiteRunner.java:261)
	at org.testng.SuiteRunnerWorker.runSuite(SuiteRunnerWorker.java:52)
	at org.testng.SuiteRunnerWorker.run(SuiteRunnerWorker.java:86)
	at org.testng.TestNG.runSuitesSequentially(TestNG.java:1215)
	at org.testng.TestNG.runSuitesLocally(TestNG.java:1140)
	at org.testng.TestNG.run(TestNG.java:1048)
	at org.testng.remote.AbstractRemoteTestNG.run(AbstractRemoteTestNG.java:132)
	at org.testng.remote.RemoteTestNG.initAndRun(RemoteTestNG.java:230)
	at org.testng.remote.RemoteTestNG.main(RemoteTestNG.java:76)
</pre></div></td>
<td>0</td>
<td>com.XIPL.SuiteOne.TC012_S2@5700d6b1</td></tr>
</table><p>
</body>
</html>