<html>
<head>
<title>TestNG:  TestCase 003</title>
<link href="../testng.css" rel="stylesheet" type="text/css" />
<link href="../my-testng.css" rel="stylesheet" type="text/css" />

<style type="text/css">
.log { display: none;} 
.stack-trace { display: none;} 
</style>
<script type="text/javascript">
<!--
function flip(e) {
  current = e.style.display;
  if (current == 'block') {
    e.style.display = 'none';
    return 0;
  }
  else {
    e.style.display = 'block';
    return 1;
  }
}

function toggleBox(szDivId, elem, msg1, msg2)
{
  var res = -1;  if (document.getElementById) {
    res = flip(document.getElementById(szDivId));
  }
  else if (document.all) {
    // this is the way old msie versions work
    res = flip(document.all[szDivId]);
  }
  if(elem) {
    if(res == 0) elem.innerHTML = msg1; else elem.innerHTML = msg2;
  }

}

function toggleAllBoxes() {
  if (document.getElementsByTagName) {
    d = document.getElementsByTagName('div');
    for (i = 0; i < d.length; i++) {
      if (d[i].className == 'log') {
        flip(d[i]);
      }
    }
  }
}

// -->
</script>

</head>
<body>
<h2 align='center'>TestCase 003</h2><table border='1' align="center">
<tr>
<td>Tests passed/Failed/Skipped:</td><td>2/0/6</td>
</tr><tr>
<td>Started on:</td><td>Tue Jul 25 16:52:53 IST 2017</td>
</tr>
<tr><td>Total time:</td><td>71 seconds (71121 ms)</td>
</tr><tr>
<td>Included groups:</td><td></td>
</tr><tr>
<td>Excluded groups:</td><td></td>
</tr>
</table><p/>
<small><i>(Hover the method name to see the test class name)</i></small><p/>
<table width='100%' border='1' class='invocation-passed'>
<tr><td colspan='4' align='center'><b>PASSED TESTS</b></td></tr>
<tr><td><b>Test method</b></td>
<td width="30%"><b>Exception</b></td>
<td width="10%"><b>Time (seconds)</b></td>
<td><b>Instance</b></td>
</tr>
<tr>
<td title='com.XIPL.SuiteOne.TC003.SuiteOneCaseTwoTest()'><b>SuiteOneCaseTwoTest</b><br>Test class: com.XIPL.SuiteOne.TC003<br>Parameters: Valid, sujyont6q1@gmail.com, sujyont6q1@gmail.com, Deepaksh28, Deepaksh28, , This user name is already in use., C:\Workspace\Project1\screenshots\Failures\TC003\TC003-dataset-1-07-25-2017 2-51-22.png</td>
<td></td>
<td>32</td>
<td>com.XIPL.SuiteOne.TC003@5700d6b1</td></tr>
<tr>
<td title='com.XIPL.SuiteOne.TC003.SuiteOneCaseTwoTest()'><b>SuiteOneCaseTwoTest</b><br>Test class: com.XIPL.SuiteOne.TC003<br>Parameters: TD1, sujyont@gmail.com, sujyont@gmail.com, sujyo, sujyo, Password does not meet password policy criteria:
- Password should be at least 6 characters., Password does not meet password policy criteria:
- Password should be at least 6 characters., C:\Workspace\Project1\screenshots\Failures\TC003\TC003-dataset-2-07-25-2017 2-51-55.png</td>
<td></td>
<td>32</td>
<td>com.XIPL.SuiteOne.TC003@5700d6b1</td></tr>
</table><p>
<table width='100%' border='1' class='invocation-skipped'>
<tr><td colspan='4' align='center'><b>SKIPPED TESTS</b></td></tr>
<tr><td><b>Test method</b></td>
<td width="30%"><b>Exception</b></td>
<td width="10%"><b>Time (seconds)</b></td>
<td><b>Instance</b></td>
</tr>
<tr>
<td title='com.XIPL.SuiteOne.TC003.SuiteOneCaseTwoTest()'><b>SuiteOneCaseTwoTest</b><br>Test class: com.XIPL.SuiteOne.TC003<br>Parameters: TD2, sujyont@gmail.com, sujyont@gmail.com, , , Password cannot be empty., , </td>
<td><div><pre>org.testng.SkipException: DataToRun for row number 2 Is No Or Blank. So Skipping Its Execution.
	at com.XIPL.SuiteOne.TC003.SuiteOneCaseTwoTest(TC003.java:90)
... Removed 24 stack frames</pre></div><a href='#' onClick='toggleBox("stack-trace2103763750", this, "Click to show all stack frames", "Click to hide stack frames")'>Click to show all stack frames</a>
<div class='stack-trace' id='stack-trace2103763750'><pre>org.testng.SkipException: DataToRun for row number 2 Is No Or Blank. So Skipping Its Execution.
	at com.XIPL.SuiteOne.TC003.SuiteOneCaseTwoTest(TC003.java:90)
	at sun.reflect.NativeMethodAccessorImpl.invoke0(Native Method)
	at sun.reflect.NativeMethodAccessorImpl.invoke(Unknown Source)
	at sun.reflect.DelegatingMethodAccessorImpl.invoke(Unknown Source)
	at java.lang.reflect.Method.invoke(Unknown Source)
	at org.testng.internal.MethodInvocationHelper.invokeMethod(MethodInvocationHelper.java:85)
	at org.testng.internal.Invoker.invokeMethod(Invoker.java:639)
	at org.testng.internal.Invoker.invokeTestMethod(Invoker.java:816)
	at org.testng.internal.Invoker.invokeTestMethods(Invoker.java:1124)
	at org.testng.internal.TestMethodWorker.invokeTestMethods(TestMethodWorker.java:125)
	at org.testng.internal.TestMethodWorker.run(TestMethodWorker.java:108)
	at org.testng.TestRunner.privateRun(TestRunner.java:774)
	at org.testng.TestRunner.run(TestRunner.java:624)
	at org.testng.SuiteRunner.runTest(SuiteRunner.java:359)
	at org.testng.SuiteRunner.runSequentially(SuiteRunner.java:354)
	at org.testng.SuiteRunner.privateRun(SuiteRunner.java:312)
	at org.testng.SuiteRunner.run(SuiteRunner.java:261)
	at org.testng.SuiteRunnerWorker.runSuite(SuiteRunnerWorker.java:52)
	at org.testng.SuiteRunnerWorker.run(SuiteRunnerWorker.java:86)
	at org.testng.TestNG.runSuitesSequentially(TestNG.java:1215)
	at org.testng.TestNG.runSuitesLocally(TestNG.java:1140)
	at org.testng.TestNG.run(TestNG.java:1048)
	at org.testng.remote.AbstractRemoteTestNG.run(AbstractRemoteTestNG.java:132)
	at org.testng.remote.RemoteTestNG.initAndRun(RemoteTestNG.java:230)
	at org.testng.remote.RemoteTestNG.main(RemoteTestNG.java:76)
</pre></div></td>
<td>0</td>
<td>com.XIPL.SuiteOne.TC003@5700d6b1</td></tr>
<tr>
<td title='com.XIPL.SuiteOne.TC003.SuiteOneCaseTwoTest()'><b>SuiteOneCaseTwoTest</b><br>Test class: com.XIPL.SuiteOne.TC003<br>Parameters: TD3, sujyont@gmail.com, sujyont@gmail, Sujyo@123, Sujyo@123, Email addresses do not match., , </td>
<td><div><pre>org.testng.SkipException: DataToRun for row number 3 Is No Or Blank. So Skipping Its Execution.
	at com.XIPL.SuiteOne.TC003.SuiteOneCaseTwoTest(TC003.java:90)
... Removed 24 stack frames</pre></div><a href='#' onClick='toggleBox("stack-trace215078753", this, "Click to show all stack frames", "Click to hide stack frames")'>Click to show all stack frames</a>
<div class='stack-trace' id='stack-trace215078753'><pre>org.testng.SkipException: DataToRun for row number 3 Is No Or Blank. So Skipping Its Execution.
	at com.XIPL.SuiteOne.TC003.SuiteOneCaseTwoTest(TC003.java:90)
	at sun.reflect.NativeMethodAccessorImpl.invoke0(Native Method)
	at sun.reflect.NativeMethodAccessorImpl.invoke(Unknown Source)
	at sun.reflect.DelegatingMethodAccessorImpl.invoke(Unknown Source)
	at java.lang.reflect.Method.invoke(Unknown Source)
	at org.testng.internal.MethodInvocationHelper.invokeMethod(MethodInvocationHelper.java:85)
	at org.testng.internal.Invoker.invokeMethod(Invoker.java:639)
	at org.testng.internal.Invoker.invokeTestMethod(Invoker.java:816)
	at org.testng.internal.Invoker.invokeTestMethods(Invoker.java:1124)
	at org.testng.internal.TestMethodWorker.invokeTestMethods(TestMethodWorker.java:125)
	at org.testng.internal.TestMethodWorker.run(TestMethodWorker.java:108)
	at org.testng.TestRunner.privateRun(TestRunner.java:774)
	at org.testng.TestRunner.run(TestRunner.java:624)
	at org.testng.SuiteRunner.runTest(SuiteRunner.java:359)
	at org.testng.SuiteRunner.runSequentially(SuiteRunner.java:354)
	at org.testng.SuiteRunner.privateRun(SuiteRunner.java:312)
	at org.testng.SuiteRunner.run(SuiteRunner.java:261)
	at org.testng.SuiteRunnerWorker.runSuite(SuiteRunnerWorker.java:52)
	at org.testng.SuiteRunnerWorker.run(SuiteRunnerWorker.java:86)
	at org.testng.TestNG.runSuitesSequentially(TestNG.java:1215)
	at org.testng.TestNG.runSuitesLocally(TestNG.java:1140)
	at org.testng.TestNG.run(TestNG.java:1048)
	at org.testng.remote.AbstractRemoteTestNG.run(AbstractRemoteTestNG.java:132)
	at org.testng.remote.RemoteTestNG.initAndRun(RemoteTestNG.java:230)
	at org.testng.remote.RemoteTestNG.main(RemoteTestNG.java:76)
</pre></div></td>
<td>0</td>
<td>com.XIPL.SuiteOne.TC003@5700d6b1</td></tr>
<tr>
<td title='com.XIPL.SuiteOne.TC003.SuiteOneCaseTwoTest()'><b>SuiteOneCaseTwoTest</b><br>Test class: com.XIPL.SuiteOne.TC003<br>Parameters: TD4, sujyont@gmail, sujyont@gmail.com, Sujyo@123, Sujyo@123, Email address is not valid. Emails must be in the form of:

MyEmail123@mydomain.extension (i.e. myemail@email.com)., , </td>
<td><div><pre>org.testng.SkipException: DataToRun for row number 4 Is No Or Blank. So Skipping Its Execution.
	at com.XIPL.SuiteOne.TC003.SuiteOneCaseTwoTest(TC003.java:90)
... Removed 24 stack frames</pre></div><a href='#' onClick='toggleBox("stack-trace840514538", this, "Click to show all stack frames", "Click to hide stack frames")'>Click to show all stack frames</a>
<div class='stack-trace' id='stack-trace840514538'><pre>org.testng.SkipException: DataToRun for row number 4 Is No Or Blank. So Skipping Its Execution.
	at com.XIPL.SuiteOne.TC003.SuiteOneCaseTwoTest(TC003.java:90)
	at sun.reflect.NativeMethodAccessorImpl.invoke0(Native Method)
	at sun.reflect.NativeMethodAccessorImpl.invoke(Unknown Source)
	at sun.reflect.DelegatingMethodAccessorImpl.invoke(Unknown Source)
	at java.lang.reflect.Method.invoke(Unknown Source)
	at org.testng.internal.MethodInvocationHelper.invokeMethod(MethodInvocationHelper.java:85)
	at org.testng.internal.Invoker.invokeMethod(Invoker.java:639)
	at org.testng.internal.Invoker.invokeTestMethod(Invoker.java:816)
	at org.testng.internal.Invoker.invokeTestMethods(Invoker.java:1124)
	at org.testng.internal.TestMethodWorker.invokeTestMethods(TestMethodWorker.java:125)
	at org.testng.internal.TestMethodWorker.run(TestMethodWorker.java:108)
	at org.testng.TestRunner.privateRun(TestRunner.java:774)
	at org.testng.TestRunner.run(TestRunner.java:624)
	at org.testng.SuiteRunner.runTest(SuiteRunner.java:359)
	at org.testng.SuiteRunner.runSequentially(SuiteRunner.java:354)
	at org.testng.SuiteRunner.privateRun(SuiteRunner.java:312)
	at org.testng.SuiteRunner.run(SuiteRunner.java:261)
	at org.testng.SuiteRunnerWorker.runSuite(SuiteRunnerWorker.java:52)
	at org.testng.SuiteRunnerWorker.run(SuiteRunnerWorker.java:86)
	at org.testng.TestNG.runSuitesSequentially(TestNG.java:1215)
	at org.testng.TestNG.runSuitesLocally(TestNG.java:1140)
	at org.testng.TestNG.run(TestNG.java:1048)
	at org.testng.remote.AbstractRemoteTestNG.run(AbstractRemoteTestNG.java:132)
	at org.testng.remote.RemoteTestNG.initAndRun(RemoteTestNG.java:230)
	at org.testng.remote.RemoteTestNG.main(RemoteTestNG.java:76)
</pre></div></td>
<td>0</td>
<td>com.XIPL.SuiteOne.TC003@5700d6b1</td></tr>
<tr>
<td title='com.XIPL.SuiteOne.TC003.SuiteOneCaseTwoTest()'><b>SuiteOneCaseTwoTest</b><br>Test class: com.XIPL.SuiteOne.TC003<br>Parameters: TD5, sujyont@gmail.com, sujyont@gmail.com, Deepaksh28, Deepaksh28, This user name is already in use., , </td>
<td><div><pre>org.testng.SkipException: DataToRun for row number 5 Is No Or Blank. So Skipping Its Execution.
	at com.XIPL.SuiteOne.TC003.SuiteOneCaseTwoTest(TC003.java:90)
... Removed 24 stack frames</pre></div><a href='#' onClick='toggleBox("stack-trace1768242710", this, "Click to show all stack frames", "Click to hide stack frames")'>Click to show all stack frames</a>
<div class='stack-trace' id='stack-trace1768242710'><pre>org.testng.SkipException: DataToRun for row number 5 Is No Or Blank. So Skipping Its Execution.
	at com.XIPL.SuiteOne.TC003.SuiteOneCaseTwoTest(TC003.java:90)
	at sun.reflect.NativeMethodAccessorImpl.invoke0(Native Method)
	at sun.reflect.NativeMethodAccessorImpl.invoke(Unknown Source)
	at sun.reflect.DelegatingMethodAccessorImpl.invoke(Unknown Source)
	at java.lang.reflect.Method.invoke(Unknown Source)
	at org.testng.internal.MethodInvocationHelper.invokeMethod(MethodInvocationHelper.java:85)
	at org.testng.internal.Invoker.invokeMethod(Invoker.java:639)
	at org.testng.internal.Invoker.invokeTestMethod(Invoker.java:816)
	at org.testng.internal.Invoker.invokeTestMethods(Invoker.java:1124)
	at org.testng.internal.TestMethodWorker.invokeTestMethods(TestMethodWorker.java:125)
	at org.testng.internal.TestMethodWorker.run(TestMethodWorker.java:108)
	at org.testng.TestRunner.privateRun(TestRunner.java:774)
	at org.testng.TestRunner.run(TestRunner.java:624)
	at org.testng.SuiteRunner.runTest(SuiteRunner.java:359)
	at org.testng.SuiteRunner.runSequentially(SuiteRunner.java:354)
	at org.testng.SuiteRunner.privateRun(SuiteRunner.java:312)
	at org.testng.SuiteRunner.run(SuiteRunner.java:261)
	at org.testng.SuiteRunnerWorker.runSuite(SuiteRunnerWorker.java:52)
	at org.testng.SuiteRunnerWorker.run(SuiteRunnerWorker.java:86)
	at org.testng.TestNG.runSuitesSequentially(TestNG.java:1215)
	at org.testng.TestNG.runSuitesLocally(TestNG.java:1140)
	at org.testng.TestNG.run(TestNG.java:1048)
	at org.testng.remote.AbstractRemoteTestNG.run(AbstractRemoteTestNG.java:132)
	at org.testng.remote.RemoteTestNG.initAndRun(RemoteTestNG.java:230)
	at org.testng.remote.RemoteTestNG.main(RemoteTestNG.java:76)
</pre></div></td>
<td>0</td>
<td>com.XIPL.SuiteOne.TC003@5700d6b1</td></tr>
<tr>
<td title='com.XIPL.SuiteOne.TC003.SuiteOneCaseTwoTest()'><b>SuiteOneCaseTwoTest</b><br>Test class: com.XIPL.SuiteOne.TC003<br>Parameters: TD6, sujyont@gmail.com, sujyont@gmail, Sujyo, Sujyo, Email addresses do not match., , </td>
<td><div><pre>org.testng.SkipException: DataToRun for row number 6 Is No Or Blank. So Skipping Its Execution.
	at com.XIPL.SuiteOne.TC003.SuiteOneCaseTwoTest(TC003.java:90)
... Removed 24 stack frames</pre></div><a href='#' onClick='toggleBox("stack-trace247113419", this, "Click to show all stack frames", "Click to hide stack frames")'>Click to show all stack frames</a>
<div class='stack-trace' id='stack-trace247113419'><pre>org.testng.SkipException: DataToRun for row number 6 Is No Or Blank. So Skipping Its Execution.
	at com.XIPL.SuiteOne.TC003.SuiteOneCaseTwoTest(TC003.java:90)
	at sun.reflect.NativeMethodAccessorImpl.invoke0(Native Method)
	at sun.reflect.NativeMethodAccessorImpl.invoke(Unknown Source)
	at sun.reflect.DelegatingMethodAccessorImpl.invoke(Unknown Source)
	at java.lang.reflect.Method.invoke(Unknown Source)
	at org.testng.internal.MethodInvocationHelper.invokeMethod(MethodInvocationHelper.java:85)
	at org.testng.internal.Invoker.invokeMethod(Invoker.java:639)
	at org.testng.internal.Invoker.invokeTestMethod(Invoker.java:816)
	at org.testng.internal.Invoker.invokeTestMethods(Invoker.java:1124)
	at org.testng.internal.TestMethodWorker.invokeTestMethods(TestMethodWorker.java:125)
	at org.testng.internal.TestMethodWorker.run(TestMethodWorker.java:108)
	at org.testng.TestRunner.privateRun(TestRunner.java:774)
	at org.testng.TestRunner.run(TestRunner.java:624)
	at org.testng.SuiteRunner.runTest(SuiteRunner.java:359)
	at org.testng.SuiteRunner.runSequentially(SuiteRunner.java:354)
	at org.testng.SuiteRunner.privateRun(SuiteRunner.java:312)
	at org.testng.SuiteRunner.run(SuiteRunner.java:261)
	at org.testng.SuiteRunnerWorker.runSuite(SuiteRunnerWorker.java:52)
	at org.testng.SuiteRunnerWorker.run(SuiteRunnerWorker.java:86)
	at org.testng.TestNG.runSuitesSequentially(TestNG.java:1215)
	at org.testng.TestNG.runSuitesLocally(TestNG.java:1140)
	at org.testng.TestNG.run(TestNG.java:1048)
	at org.testng.remote.AbstractRemoteTestNG.run(AbstractRemoteTestNG.java:132)
	at org.testng.remote.RemoteTestNG.initAndRun(RemoteTestNG.java:230)
	at org.testng.remote.RemoteTestNG.main(RemoteTestNG.java:76)
</pre></div></td>
<td>0</td>
<td>com.XIPL.SuiteOne.TC003@5700d6b1</td></tr>
<tr>
<td title='com.XIPL.SuiteOne.TC003.SuiteOneCaseTwoTest()'><b>SuiteOneCaseTwoTest</b><br>Test class: com.XIPL.SuiteOne.TC003<br>Parameters: TD7, , , Sujyo@123, Sujyo@123, Email address is not valid. Emails must be in the form of:

MyEmail123@mydomain.extension (i.e. myemail@email.com)., , </td>
<td><div><pre>org.testng.SkipException: DataToRun for row number 7 Is No Or Blank. So Skipping Its Execution.
	at com.XIPL.SuiteOne.TC003.SuiteOneCaseTwoTest(TC003.java:90)
... Removed 24 stack frames</pre></div><a href='#' onClick='toggleBox("stack-trace1238616099", this, "Click to show all stack frames", "Click to hide stack frames")'>Click to show all stack frames</a>
<div class='stack-trace' id='stack-trace1238616099'><pre>org.testng.SkipException: DataToRun for row number 7 Is No Or Blank. So Skipping Its Execution.
	at com.XIPL.SuiteOne.TC003.SuiteOneCaseTwoTest(TC003.java:90)
	at sun.reflect.NativeMethodAccessorImpl.invoke0(Native Method)
	at sun.reflect.NativeMethodAccessorImpl.invoke(Unknown Source)
	at sun.reflect.DelegatingMethodAccessorImpl.invoke(Unknown Source)
	at java.lang.reflect.Method.invoke(Unknown Source)
	at org.testng.internal.MethodInvocationHelper.invokeMethod(MethodInvocationHelper.java:85)
	at org.testng.internal.Invoker.invokeMethod(Invoker.java:639)
	at org.testng.internal.Invoker.invokeTestMethod(Invoker.java:816)
	at org.testng.internal.Invoker.invokeTestMethods(Invoker.java:1124)
	at org.testng.internal.TestMethodWorker.invokeTestMethods(TestMethodWorker.java:125)
	at org.testng.internal.TestMethodWorker.run(TestMethodWorker.java:108)
	at org.testng.TestRunner.privateRun(TestRunner.java:774)
	at org.testng.TestRunner.run(TestRunner.java:624)
	at org.testng.SuiteRunner.runTest(SuiteRunner.java:359)
	at org.testng.SuiteRunner.runSequentially(SuiteRunner.java:354)
	at org.testng.SuiteRunner.privateRun(SuiteRunner.java:312)
	at org.testng.SuiteRunner.run(SuiteRunner.java:261)
	at org.testng.SuiteRunnerWorker.runSuite(SuiteRunnerWorker.java:52)
	at org.testng.SuiteRunnerWorker.run(SuiteRunnerWorker.java:86)
	at org.testng.TestNG.runSuitesSequentially(TestNG.java:1215)
	at org.testng.TestNG.runSuitesLocally(TestNG.java:1140)
	at org.testng.TestNG.run(TestNG.java:1048)
	at org.testng.remote.AbstractRemoteTestNG.run(AbstractRemoteTestNG.java:132)
	at org.testng.remote.RemoteTestNG.initAndRun(RemoteTestNG.java:230)
	at org.testng.remote.RemoteTestNG.main(RemoteTestNG.java:76)
</pre></div></td>
<td>0</td>
<td>com.XIPL.SuiteOne.TC003@5700d6b1</td></tr>
</table><p>
</body>
</html>