<?xml version="1.0" encoding="UTF-8"?>
<!-- Generated by org.testng.reporters.JUnitReportReporter -->
<testsuite hostname="XILP-IND-3152" name="SuiteOne.TC004" tests="6" failures="0" timestamp="23 Aug 2018 12:48:46 GMT" time="541.988" errors="3">
  <testcase name="SuiteOneCaseTwoTest" time="60.755" classname="SuiteOne.TC004">
    <error type="org.openqa.selenium.WebDriverException" message="arguments[0] is null
Command duration or timeout: 38 milliseconds
Build info: version: &#039;2.53.1&#039;, revision: &#039;a36b8b1&#039;, time: &#039;2016-06-30 17:37:09&#039;
System info: host: &#039;XILP-IND-3152&#039;, ip: &#039;10.76.33.199&#039;, os.name: &#039;Windows 10&#039;, os.arch: &#039;amd64&#039;, os.version: &#039;10.0&#039;, java.version: &#039;1.8.0_181&#039;
Driver info: org.openqa.selenium.firefox.FirefoxDriver
Capabilities [{applicationCacheEnabled=true, rotatable=false, handlesAlerts=true, databaseEnabled=true, version=42.0, platform=WINDOWS, nativeEvents=false, acceptSslCerts=true, webStorageEnabled=true, locationContextEnabled=true, browserName=firefox, takesScreenshot=true, javascriptEnabled=true, cssSelectorsEnabled=true}]
Session ID: a0b9bb40-760e-4d6b-9374-4f0e41d90bac">
      <![CDATA[org.openqa.selenium.WebDriverException: arguments[0] is null
Command duration or timeout: 38 milliseconds
Build info: version: '2.53.1', revision: 'a36b8b1', time: '2016-06-30 17:37:09'
System info: host: 'XILP-IND-3152', ip: '10.76.33.199', os.name: 'Windows 10', os.arch: 'amd64', os.version: '10.0', java.version: '1.8.0_181'
Driver info: org.openqa.selenium.firefox.FirefoxDriver
Capabilities [{applicationCacheEnabled=true, rotatable=false, handlesAlerts=true, databaseEnabled=true, version=42.0, platform=WINDOWS, nativeEvents=false, acceptSslCerts=true, webStorageEnabled=true, locationContextEnabled=true, browserName=firefox, takesScreenshot=true, javascriptEnabled=true, cssSelectorsEnabled=true}]
Session ID: a0b9bb40-760e-4d6b-9374-4f0e41d90bac
	at sun.reflect.NativeConstructorAccessorImpl.newInstance0(Native Method)
	at sun.reflect.NativeConstructorAccessorImpl.newInstance(Unknown Source)
	at sun.reflect.DelegatingConstructorAccessorImpl.newInstance(Unknown Source)
	at java.lang.reflect.Constructor.newInstance(Unknown Source)
	at org.openqa.selenium.remote.ErrorHandler.createThrowable(ErrorHandler.java:206)
	at org.openqa.selenium.remote.ErrorHandler.throwIfResponseFailed(ErrorHandler.java:158)
	at org.openqa.selenium.remote.RemoteWebDriver.execute(RemoteWebDriver.java:678)
	at org.openqa.selenium.remote.RemoteWebDriver.executeScript(RemoteWebDriver.java:577)
	at TestSuiteBase.SuiteBase.highlightElement(SuiteBase.java:438)
	at TestSuiteBase.SuiteBase.click(SuiteBase.java:319)
	at SuiteOne.TC004.SuiteOneCaseTwoTest(TC004.java:259)
	at sun.reflect.NativeMethodAccessorImpl.invoke0(Native Method)
	at sun.reflect.NativeMethodAccessorImpl.invoke(Unknown Source)
	at sun.reflect.DelegatingMethodAccessorImpl.invoke(Unknown Source)
	at java.lang.reflect.Method.invoke(Unknown Source)
	at org.testng.internal.MethodInvocationHelper.invokeMethod(MethodInvocationHelper.java:85)
	at org.testng.internal.Invoker.invokeMethod(Invoker.java:639)
	at org.testng.internal.Invoker.invokeTestMethod(Invoker.java:816)
	at org.testng.internal.Invoker.invokeTestMethods(Invoker.java:1124)
	at org.testng.internal.TestMethodWorker.invokeTestMethods(TestMethodWorker.java:125)
	at org.testng.internal.TestMethodWorker.run(TestMethodWorker.java:108)
	at org.testng.TestRunner.privateRun(TestRunner.java:774)
	at org.testng.TestRunner.run(TestRunner.java:624)
	at org.testng.SuiteRunner.runTest(SuiteRunner.java:359)
	at org.testng.SuiteRunner.runSequentially(SuiteRunner.java:354)
	at org.testng.SuiteRunner.privateRun(SuiteRunner.java:312)
	at org.testng.SuiteRunner.run(SuiteRunner.java:261)
	at org.testng.SuiteRunnerWorker.runSuite(SuiteRunnerWorker.java:52)
	at org.testng.SuiteRunnerWorker.run(SuiteRunnerWorker.java:86)
	at org.testng.TestNG.runSuitesSequentially(TestNG.java:1215)
	at org.testng.TestNG.runSuitesLocally(TestNG.java:1140)
	at org.testng.TestNG.run(TestNG.java:1048)
	at org.testng.remote.AbstractRemoteTestNG.run(AbstractRemoteTestNG.java:114)
	at org.testng.remote.RemoteTestNG.initAndRun(RemoteTestNG.java:251)
	at org.testng.remote.RemoteTestNG.main(RemoteTestNG.java:77)
Caused by: org.openqa.selenium.WebDriverException: arguments[0] is null
Build info: version: '2.53.1', revision: 'a36b8b1', time: '2016-06-30 17:37:09'
System info: host: 'XILP-IND-3152', ip: '10.76.33.199', os.name: 'Windows 10', os.arch: 'amd64', os.version: '10.0', java.version: '1.8.0_181'
Driver info: driver.version: unknown
	at <anonymous class>.anonymous(about:newtab line 69 > Function:1)
	at <anonymous class>.handleEvaluateEvent(about:newtab:69)
	at <anonymous class>.injectAndExecuteScript/m(file:///C:/Users/DEEPAK~1.SHA/AppData/Local/Temp/anonymous6301389732869623704webdriver-profile/extensions/fxdriver@googlecode.com/components/driver-component.js:10711)
	at <anonymous class>.fxdriver.Timer.prototype.runWhenTrue/g(file:///C:/Users/DEEPAK~1.SHA/AppData/Local/Temp/anonymous6301389732869623704webdriver-profile/extensions/fxdriver@googlecode.com/components/driver-component.js:631)
	at <anonymous class>.fxdriver.Timer.prototype.runWhenTrue(file:///C:/Users/DEEPAK~1.SHA/AppData/Local/Temp/anonymous6301389732869623704webdriver-profile/extensions/fxdriver@googlecode.com/components/driver-component.js:633)
	at <anonymous class>.injectAndExecuteScript/<(file:///C:/Users/DEEPAK~1.SHA/AppData/Local/Temp/anonymous6301389732869623704webdriver-profile/extensions/fxdriver@googlecode.com/components/driver-component.js:10723)
	at <anonymous class>.fxdriver.Timer.prototype.runWhenTrue/g(file:///C:/Users/DEEPAK~1.SHA/AppData/Local/Temp/anonymous6301389732869623704webdriver-profile/extensions/fxdriver@googlecode.com/components/driver-component.js:631)
	at <anonymous class>.fxdriver.Timer.prototype.runWhenTrue(file:///C:/Users/DEEPAK~1.SHA/AppData/Local/Temp/anonymous6301389732869623704webdriver-profile/extensions/fxdriver@googlecode.com/components/driver-component.js:633)
	at <anonymous class>.injectAndExecuteScript(file:///C:/Users/DEEPAK~1.SHA/AppData/Local/Temp/anonymous6301389732869623704webdriver-profile/extensions/fxdriver@googlecode.com/components/driver-component.js:10713)
	at <anonymous class>.FirefoxDriver.prototype.executeScript(file:///C:/Users/DEEPAK~1.SHA/AppData/Local/Temp/anonymous6301389732869623704webdriver-profile/extensions/fxdriver@googlecode.com/components/driver-component.js:10729)
	at <anonymous class>.DelayedCommand.prototype.executeInternal_/h(file:///C:/Users/DEEPAK~1.SHA/AppData/Local/Temp/anonymous6301389732869623704webdriver-profile/extensions/fxdriver@googlecode.com/components/command-processor.js:12661)
	at <anonymous class>.DelayedCommand.prototype.executeInternal_(file:///C:/Users/DEEPAK~1.SHA/AppData/Local/Temp/anonymous6301389732869623704webdriver-profile/extensions/fxdriver@googlecode.com/components/command-processor.js:12666)
	at <anonymous class>.DelayedCommand.prototype.execute/<(file:///C:/Users/DEEPAK~1.SHA/AppData/Local/Temp/anonymous6301389732869623704webdriver-profile/extensions/fxdriver@googlecode.com/components/command-processor.js:12608)
]]>
    </error>
  </testcase> <!-- SuiteOneCaseTwoTest -->
  <testcase name="SuiteOneCaseTwoTest" time="60.797" classname="SuiteOne.TC004">
    <error type="org.openqa.selenium.WebDriverException" message="arguments[0] is null
Command duration or timeout: 21 milliseconds
Build info: version: &#039;2.53.1&#039;, revision: &#039;a36b8b1&#039;, time: &#039;2016-06-30 17:37:09&#039;
System info: host: &#039;XILP-IND-3152&#039;, ip: &#039;10.76.33.199&#039;, os.name: &#039;Windows 10&#039;, os.arch: &#039;amd64&#039;, os.version: &#039;10.0&#039;, java.version: &#039;1.8.0_181&#039;
Driver info: org.openqa.selenium.firefox.FirefoxDriver
Capabilities [{applicationCacheEnabled=true, rotatable=false, handlesAlerts=true, databaseEnabled=true, version=42.0, platform=WINDOWS, nativeEvents=false, acceptSslCerts=true, webStorageEnabled=true, locationContextEnabled=true, browserName=firefox, takesScreenshot=true, javascriptEnabled=true, cssSelectorsEnabled=true}]
Session ID: a0b9bb40-760e-4d6b-9374-4f0e41d90bac">
      <![CDATA[org.openqa.selenium.WebDriverException: arguments[0] is null
Command duration or timeout: 21 milliseconds
Build info: version: '2.53.1', revision: 'a36b8b1', time: '2016-06-30 17:37:09'
System info: host: 'XILP-IND-3152', ip: '10.76.33.199', os.name: 'Windows 10', os.arch: 'amd64', os.version: '10.0', java.version: '1.8.0_181'
Driver info: org.openqa.selenium.firefox.FirefoxDriver
Capabilities [{applicationCacheEnabled=true, rotatable=false, handlesAlerts=true, databaseEnabled=true, version=42.0, platform=WINDOWS, nativeEvents=false, acceptSslCerts=true, webStorageEnabled=true, locationContextEnabled=true, browserName=firefox, takesScreenshot=true, javascriptEnabled=true, cssSelectorsEnabled=true}]
Session ID: a0b9bb40-760e-4d6b-9374-4f0e41d90bac
	at sun.reflect.NativeConstructorAccessorImpl.newInstance0(Native Method)
	at sun.reflect.NativeConstructorAccessorImpl.newInstance(Unknown Source)
	at sun.reflect.DelegatingConstructorAccessorImpl.newInstance(Unknown Source)
	at java.lang.reflect.Constructor.newInstance(Unknown Source)
	at org.openqa.selenium.remote.ErrorHandler.createThrowable(ErrorHandler.java:206)
	at org.openqa.selenium.remote.ErrorHandler.throwIfResponseFailed(ErrorHandler.java:158)
	at org.openqa.selenium.remote.RemoteWebDriver.execute(RemoteWebDriver.java:678)
	at org.openqa.selenium.remote.RemoteWebDriver.executeScript(RemoteWebDriver.java:577)
	at TestSuiteBase.SuiteBase.highlightElement(SuiteBase.java:438)
	at TestSuiteBase.SuiteBase.click(SuiteBase.java:319)
	at SuiteOne.TC004.SuiteOneCaseTwoTest(TC004.java:259)
	at sun.reflect.NativeMethodAccessorImpl.invoke0(Native Method)
	at sun.reflect.NativeMethodAccessorImpl.invoke(Unknown Source)
	at sun.reflect.DelegatingMethodAccessorImpl.invoke(Unknown Source)
	at java.lang.reflect.Method.invoke(Unknown Source)
	at org.testng.internal.MethodInvocationHelper.invokeMethod(MethodInvocationHelper.java:85)
	at org.testng.internal.Invoker.invokeMethod(Invoker.java:639)
	at org.testng.internal.Invoker.invokeTestMethod(Invoker.java:816)
	at org.testng.internal.Invoker.invokeTestMethods(Invoker.java:1124)
	at org.testng.internal.TestMethodWorker.invokeTestMethods(TestMethodWorker.java:125)
	at org.testng.internal.TestMethodWorker.run(TestMethodWorker.java:108)
	at org.testng.TestRunner.privateRun(TestRunner.java:774)
	at org.testng.TestRunner.run(TestRunner.java:624)
	at org.testng.SuiteRunner.runTest(SuiteRunner.java:359)
	at org.testng.SuiteRunner.runSequentially(SuiteRunner.java:354)
	at org.testng.SuiteRunner.privateRun(SuiteRunner.java:312)
	at org.testng.SuiteRunner.run(SuiteRunner.java:261)
	at org.testng.SuiteRunnerWorker.runSuite(SuiteRunnerWorker.java:52)
	at org.testng.SuiteRunnerWorker.run(SuiteRunnerWorker.java:86)
	at org.testng.TestNG.runSuitesSequentially(TestNG.java:1215)
	at org.testng.TestNG.runSuitesLocally(TestNG.java:1140)
	at org.testng.TestNG.run(TestNG.java:1048)
	at org.testng.remote.AbstractRemoteTestNG.run(AbstractRemoteTestNG.java:114)
	at org.testng.remote.RemoteTestNG.initAndRun(RemoteTestNG.java:251)
	at org.testng.remote.RemoteTestNG.main(RemoteTestNG.java:77)
Caused by: org.openqa.selenium.WebDriverException: arguments[0] is null
Build info: version: '2.53.1', revision: 'a36b8b1', time: '2016-06-30 17:37:09'
System info: host: 'XILP-IND-3152', ip: '10.76.33.199', os.name: 'Windows 10', os.arch: 'amd64', os.version: '10.0', java.version: '1.8.0_181'
Driver info: driver.version: unknown
	at <anonymous class>.anonymous(about:newtab line 69 > Function:1)
	at <anonymous class>.handleEvaluateEvent(about:newtab:69)
	at <anonymous class>.injectAndExecuteScript/m(file:///C:/Users/DEEPAK~1.SHA/AppData/Local/Temp/anonymous6301389732869623704webdriver-profile/extensions/fxdriver@googlecode.com/components/driver-component.js:10711)
	at <anonymous class>.fxdriver.Timer.prototype.runWhenTrue/g(file:///C:/Users/DEEPAK~1.SHA/AppData/Local/Temp/anonymous6301389732869623704webdriver-profile/extensions/fxdriver@googlecode.com/components/driver-component.js:631)
	at <anonymous class>.fxdriver.Timer.prototype.runWhenTrue(file:///C:/Users/DEEPAK~1.SHA/AppData/Local/Temp/anonymous6301389732869623704webdriver-profile/extensions/fxdriver@googlecode.com/components/driver-component.js:633)
	at <anonymous class>.injectAndExecuteScript/<(file:///C:/Users/DEEPAK~1.SHA/AppData/Local/Temp/anonymous6301389732869623704webdriver-profile/extensions/fxdriver@googlecode.com/components/driver-component.js:10723)
	at <anonymous class>.fxdriver.Timer.prototype.runWhenTrue/g(file:///C:/Users/DEEPAK~1.SHA/AppData/Local/Temp/anonymous6301389732869623704webdriver-profile/extensions/fxdriver@googlecode.com/components/driver-component.js:631)
	at <anonymous class>.fxdriver.Timer.prototype.runWhenTrue(file:///C:/Users/DEEPAK~1.SHA/AppData/Local/Temp/anonymous6301389732869623704webdriver-profile/extensions/fxdriver@googlecode.com/components/driver-component.js:633)
	at <anonymous class>.injectAndExecuteScript(file:///C:/Users/DEEPAK~1.SHA/AppData/Local/Temp/anonymous6301389732869623704webdriver-profile/extensions/fxdriver@googlecode.com/components/driver-component.js:10713)
	at <anonymous class>.FirefoxDriver.prototype.executeScript(file:///C:/Users/DEEPAK~1.SHA/AppData/Local/Temp/anonymous6301389732869623704webdriver-profile/extensions/fxdriver@googlecode.com/components/driver-component.js:10729)
	at <anonymous class>.DelayedCommand.prototype.executeInternal_/h(file:///C:/Users/DEEPAK~1.SHA/AppData/Local/Temp/anonymous6301389732869623704webdriver-profile/extensions/fxdriver@googlecode.com/components/command-processor.js:12661)
	at <anonymous class>.DelayedCommand.prototype.executeInternal_(file:///C:/Users/DEEPAK~1.SHA/AppData/Local/Temp/anonymous6301389732869623704webdriver-profile/extensions/fxdriver@googlecode.com/components/command-processor.js:12666)
	at <anonymous class>.DelayedCommand.prototype.execute/<(file:///C:/Users/DEEPAK~1.SHA/AppData/Local/Temp/anonymous6301389732869623704webdriver-profile/extensions/fxdriver@googlecode.com/components/command-processor.js:12608)
]]>
    </error>
  </testcase> <!-- SuiteOneCaseTwoTest -->
  <testcase name="SuiteOneCaseTwoTest" time="63.312" classname="SuiteOne.TC004">
    <error type="org.openqa.selenium.WebDriverException" message="arguments[0] is null
Command duration or timeout: 32 milliseconds
Build info: version: &#039;2.53.1&#039;, revision: &#039;a36b8b1&#039;, time: &#039;2016-06-30 17:37:09&#039;
System info: host: &#039;XILP-IND-3152&#039;, ip: &#039;10.76.33.199&#039;, os.name: &#039;Windows 10&#039;, os.arch: &#039;amd64&#039;, os.version: &#039;10.0&#039;, java.version: &#039;1.8.0_181&#039;
Driver info: org.openqa.selenium.firefox.FirefoxDriver
Capabilities [{applicationCacheEnabled=true, rotatable=false, handlesAlerts=true, databaseEnabled=true, version=42.0, platform=WINDOWS, nativeEvents=false, acceptSslCerts=true, webStorageEnabled=true, locationContextEnabled=true, browserName=firefox, takesScreenshot=true, javascriptEnabled=true, cssSelectorsEnabled=true}]
Session ID: a0b9bb40-760e-4d6b-9374-4f0e41d90bac">
      <![CDATA[org.openqa.selenium.WebDriverException: arguments[0] is null
Command duration or timeout: 32 milliseconds
Build info: version: '2.53.1', revision: 'a36b8b1', time: '2016-06-30 17:37:09'
System info: host: 'XILP-IND-3152', ip: '10.76.33.199', os.name: 'Windows 10', os.arch: 'amd64', os.version: '10.0', java.version: '1.8.0_181'
Driver info: org.openqa.selenium.firefox.FirefoxDriver
Capabilities [{applicationCacheEnabled=true, rotatable=false, handlesAlerts=true, databaseEnabled=true, version=42.0, platform=WINDOWS, nativeEvents=false, acceptSslCerts=true, webStorageEnabled=true, locationContextEnabled=true, browserName=firefox, takesScreenshot=true, javascriptEnabled=true, cssSelectorsEnabled=true}]
Session ID: a0b9bb40-760e-4d6b-9374-4f0e41d90bac
	at sun.reflect.NativeConstructorAccessorImpl.newInstance0(Native Method)
	at sun.reflect.NativeConstructorAccessorImpl.newInstance(Unknown Source)
	at sun.reflect.DelegatingConstructorAccessorImpl.newInstance(Unknown Source)
	at java.lang.reflect.Constructor.newInstance(Unknown Source)
	at org.openqa.selenium.remote.ErrorHandler.createThrowable(ErrorHandler.java:206)
	at org.openqa.selenium.remote.ErrorHandler.throwIfResponseFailed(ErrorHandler.java:158)
	at org.openqa.selenium.remote.RemoteWebDriver.execute(RemoteWebDriver.java:678)
	at org.openqa.selenium.remote.RemoteWebDriver.executeScript(RemoteWebDriver.java:577)
	at TestSuiteBase.SuiteBase.highlightElement(SuiteBase.java:438)
	at TestSuiteBase.SuiteBase.click(SuiteBase.java:319)
	at SuiteOne.TC004.SuiteOneCaseTwoTest(TC004.java:259)
	at sun.reflect.NativeMethodAccessorImpl.invoke0(Native Method)
	at sun.reflect.NativeMethodAccessorImpl.invoke(Unknown Source)
	at sun.reflect.DelegatingMethodAccessorImpl.invoke(Unknown Source)
	at java.lang.reflect.Method.invoke(Unknown Source)
	at org.testng.internal.MethodInvocationHelper.invokeMethod(MethodInvocationHelper.java:85)
	at org.testng.internal.Invoker.invokeMethod(Invoker.java:639)
	at org.testng.internal.Invoker.invokeTestMethod(Invoker.java:816)
	at org.testng.internal.Invoker.invokeTestMethods(Invoker.java:1124)
	at org.testng.internal.TestMethodWorker.invokeTestMethods(TestMethodWorker.java:125)
	at org.testng.internal.TestMethodWorker.run(TestMethodWorker.java:108)
	at org.testng.TestRunner.privateRun(TestRunner.java:774)
	at org.testng.TestRunner.run(TestRunner.java:624)
	at org.testng.SuiteRunner.runTest(SuiteRunner.java:359)
	at org.testng.SuiteRunner.runSequentially(SuiteRunner.java:354)
	at org.testng.SuiteRunner.privateRun(SuiteRunner.java:312)
	at org.testng.SuiteRunner.run(SuiteRunner.java:261)
	at org.testng.SuiteRunnerWorker.runSuite(SuiteRunnerWorker.java:52)
	at org.testng.SuiteRunnerWorker.run(SuiteRunnerWorker.java:86)
	at org.testng.TestNG.runSuitesSequentially(TestNG.java:1215)
	at org.testng.TestNG.runSuitesLocally(TestNG.java:1140)
	at org.testng.TestNG.run(TestNG.java:1048)
	at org.testng.remote.AbstractRemoteTestNG.run(AbstractRemoteTestNG.java:114)
	at org.testng.remote.RemoteTestNG.initAndRun(RemoteTestNG.java:251)
	at org.testng.remote.RemoteTestNG.main(RemoteTestNG.java:77)
Caused by: org.openqa.selenium.WebDriverException: arguments[0] is null
Build info: version: '2.53.1', revision: 'a36b8b1', time: '2016-06-30 17:37:09'
System info: host: 'XILP-IND-3152', ip: '10.76.33.199', os.name: 'Windows 10', os.arch: 'amd64', os.version: '10.0', java.version: '1.8.0_181'
Driver info: driver.version: unknown
	at <anonymous class>.anonymous(about:newtab line 69 > Function:1)
	at <anonymous class>.handleEvaluateEvent(about:newtab:69)
	at <anonymous class>.injectAndExecuteScript/m(file:///C:/Users/DEEPAK~1.SHA/AppData/Local/Temp/anonymous6301389732869623704webdriver-profile/extensions/fxdriver@googlecode.com/components/driver-component.js:10711)
	at <anonymous class>.fxdriver.Timer.prototype.runWhenTrue/g(file:///C:/Users/DEEPAK~1.SHA/AppData/Local/Temp/anonymous6301389732869623704webdriver-profile/extensions/fxdriver@googlecode.com/components/driver-component.js:631)
	at <anonymous class>.fxdriver.Timer.prototype.runWhenTrue(file:///C:/Users/DEEPAK~1.SHA/AppData/Local/Temp/anonymous6301389732869623704webdriver-profile/extensions/fxdriver@googlecode.com/components/driver-component.js:633)
	at <anonymous class>.injectAndExecuteScript/<(file:///C:/Users/DEEPAK~1.SHA/AppData/Local/Temp/anonymous6301389732869623704webdriver-profile/extensions/fxdriver@googlecode.com/components/driver-component.js:10723)
	at <anonymous class>.fxdriver.Timer.prototype.runWhenTrue/g(file:///C:/Users/DEEPAK~1.SHA/AppData/Local/Temp/anonymous6301389732869623704webdriver-profile/extensions/fxdriver@googlecode.com/components/driver-component.js:631)
	at <anonymous class>.fxdriver.Timer.prototype.runWhenTrue(file:///C:/Users/DEEPAK~1.SHA/AppData/Local/Temp/anonymous6301389732869623704webdriver-profile/extensions/fxdriver@googlecode.com/components/driver-component.js:633)
	at <anonymous class>.injectAndExecuteScript(file:///C:/Users/DEEPAK~1.SHA/AppData/Local/Temp/anonymous6301389732869623704webdriver-profile/extensions/fxdriver@googlecode.com/components/driver-component.js:10713)
	at <anonymous class>.FirefoxDriver.prototype.executeScript(file:///C:/Users/DEEPAK~1.SHA/AppData/Local/Temp/anonymous6301389732869623704webdriver-profile/extensions/fxdriver@googlecode.com/components/driver-component.js:10729)
	at <anonymous class>.DelayedCommand.prototype.executeInternal_/h(file:///C:/Users/DEEPAK~1.SHA/AppData/Local/Temp/anonymous6301389732869623704webdriver-profile/extensions/fxdriver@googlecode.com/components/command-processor.js:12661)
	at <anonymous class>.DelayedCommand.prototype.executeInternal_(file:///C:/Users/DEEPAK~1.SHA/AppData/Local/Temp/anonymous6301389732869623704webdriver-profile/extensions/fxdriver@googlecode.com/components/command-processor.js:12666)
	at <anonymous class>.DelayedCommand.prototype.execute/<(file:///C:/Users/DEEPAK~1.SHA/AppData/Local/Temp/anonymous6301389732869623704webdriver-profile/extensions/fxdriver@googlecode.com/components/command-processor.js:12608)
]]>
    </error>
  </testcase> <!-- SuiteOneCaseTwoTest -->
  <testcase name="SuiteOneCaseTwoTest" time="119.488" classname="SuiteOne.TC004"/>
  <testcase name="SuiteOneCaseTwoTest" time="127.374" classname="SuiteOne.TC004"/>
  <testcase name="SuiteOneCaseTwoTest" time="110.262" classname="SuiteOne.TC004"/>
</testsuite> <!-- SuiteOne.TC004 -->
